Using pre-set license
Built from '2020.3/staging' branch; Version is '2020.3.20f1 (41c4e627c95f) revision 4310246'; Using compiler version '192528614'; Build Type 'Release'
OS: 'Windows 10 Pro; OS build 19042.1288; Version 2009; 64bit' Language: 'zh' Physical Memory: 16267 MB
BatchMode: 1, IsHumanControllingUs: 0, StartBugReporterOnCrash: 0, Is64bit: 1, IsPro: 0

COMMAND LINE ARGUMENTS:
C:\Program Files\Unity\Hub\Editor\2020.3.20f1\Editor\Unity.exe
-adb2
-batchMode
-noUpm
-name
AssetImportWorker0
-projectPath
C:/Users/user/Documents/GitHub/New2Dgame2/New2DGame
-logFile
Logs/AssetImportWorker0.log
-srvPort
1711
Successfully changed project path to: C:/Users/user/Documents/GitHub/New2Dgame2/New2DGame
C:/Users/user/Documents/GitHub/New2Dgame2/New2DGame
Using Asset Import Pipeline V2.
Refreshing native plugins compatible for Editor in 34.35 ms, found 3 plugins.
Preloading 0 native plugins for Editor in 0.00 ms.
Initialize engine version: 2020.3.20f1 (41c4e627c95f)
[Subsystems] Discovering subsystems at path C:/Program Files/Unity/Hub/Editor/2020.3.20f1/Editor/Data/Resources/UnitySubsystems
[Subsystems] Discovering subsystems at path C:/Users/user/Documents/GitHub/New2Dgame2/New2DGame/Assets
GfxDevice: creating device client; threaded=0
Direct3D:
    Version:  Direct3D 11.0 [level 11.1]
    Renderer: NVIDIA GeForce GTX 1060 3GB (ID=0x1c02)
    Vendor:   
    VRAM:     2988 MB
    Driver:   30.0.14.7196
Initialize mono
Mono path[0] = 'C:/Program Files/Unity/Hub/Editor/2020.3.20f1/Editor/Data/Managed'
Mono path[1] = 'C:/Program Files/Unity/Hub/Editor/2020.3.20f1/Editor/Data/MonoBleedingEdge/lib/mono/unityjit'
Mono config path = 'C:/Program Files/Unity/Hub/Editor/2020.3.20f1/Editor/Data/MonoBleedingEdge/etc'
Using monoOptions --debugger-agent=transport=dt_socket,embedding=1,server=y,suspend=n,address=127.0.0.1:56544
Begin MonoManager ReloadAssembly
Registering precompiled unity dll's ...
Register platform support module: C:/Program Files/Unity/Hub/Editor/2020.3.20f1/Editor/Data/PlaybackEngines/WebGLSupport/UnityEditor.WebGL.Extensions.dll
Register platform support module: C:/Program Files/Unity/Hub/Editor/2020.3.20f1/Editor/Data/PlaybackEngines/WindowsStandaloneSupport/UnityEditor.WindowsStandalone.Extensions.dll
Registered in 0.001475 seconds.
Native extension for WindowsStandalone target not found
Native extension for WebGL target not found
Refreshing native plugins compatible for Editor in 35.39 ms, found 3 plugins.
Preloading 0 native plugins for Editor in 0.00 ms.
Mono: successfully reloaded assembly
- Completed reload, in  1.513 seconds
Domain Reload Profiling:
	ReloadAssembly (1514ms)
		BeginReloadAssembly (39ms)
			ExecutionOrderSort (0ms)
			DisableScriptedObjects (0ms)
			BackupInstance (0ms)
			ReleaseScriptingObjects (0ms)
			CreateAndSetChildDomain (1ms)
		EndReloadAssembly (384ms)
			LoadAssemblies (38ms)
			RebuildTransferFunctionScriptingTraits (0ms)
			SetupTypeCache (118ms)
			ReleaseScriptCaches (0ms)
			RebuildScriptCaches (29ms)
			SetupLoadedEditorAssemblies (130ms)
				LogAssemblyErrors (0ms)
				InitializePlatformSupportModulesInManaged (4ms)
				SetLoadedEditorAssemblies (0ms)
				RefreshPlugins (35ms)
				BeforeProcessingInitializeOnLoad (7ms)
				ProcessInitializeOnLoadAttributes (62ms)
				ProcessInitializeOnLoadMethodAttributes (22ms)
				AfterProcessingInitializeOnLoad (0ms)
				EditorAssembliesLoaded (0ms)
			ExecutionOrderSort2 (0ms)
			AwakeInstancesAfterBackupRestoration (0ms)
Platform modules already initialized, skipping
Registering precompiled user dll's ...
Registered in 0.001917 seconds.
Begin MonoManager ReloadAssembly
Native extension for WindowsStandalone target not found
Native extension for WebGL target not found
Refreshing native plugins compatible for Editor in 35.78 ms, found 3 plugins.
Preloading 0 native plugins for Editor in 0.00 ms.
Mono: successfully reloaded assembly
- Completed reload, in  0.896 seconds
Domain Reload Profiling:
	ReloadAssembly (897ms)
		BeginReloadAssembly (114ms)
			ExecutionOrderSort (0ms)
			DisableScriptedObjects (4ms)
			BackupInstance (0ms)
			ReleaseScriptingObjects (0ms)
			CreateAndSetChildDomain (14ms)
		EndReloadAssembly (734ms)
			LoadAssemblies (70ms)
			RebuildTransferFunctionScriptingTraits (0ms)
			SetupTypeCache (226ms)
			ReleaseScriptCaches (0ms)
			RebuildScriptCaches (37ms)
			SetupLoadedEditorAssemblies (302ms)
				LogAssemblyErrors (0ms)
				InitializePlatformSupportModulesInManaged (4ms)
				SetLoadedEditorAssemblies (0ms)
				RefreshPlugins (36ms)
				BeforeProcessingInitializeOnLoad (50ms)
				ProcessInitializeOnLoadAttributes (198ms)
				ProcessInitializeOnLoadMethodAttributes (11ms)
				AfterProcessingInitializeOnLoad (3ms)
				EditorAssembliesLoaded (0ms)
			ExecutionOrderSort2 (0ms)
			AwakeInstancesAfterBackupRestoration (5ms)
Platform modules already initialized, skipping
========================================================================
Worker process is ready to serve import requests
Launched and connected shader compiler UnityShaderCompiler.exe after 0.06 seconds
Refreshing native plugins compatible for Editor in 0.44 ms, found 3 plugins.
Preloading 0 native plugins for Editor in 0.00 ms.
Unloading 2094 Unused Serialized files (Serialized files now loaded: 0)
System memory in use before: 93.1 MB.
System memory in use after: 93.2 MB.

Unloading 26 unused Assets to reduce memory usage. Loaded Objects now: 2533.
Total: 2.757200 ms (FindLiveObjects: 0.151300 ms CreateObjectMapping: 0.063200 ms MarkObjects: 2.462100 ms  DeleteObjects: 0.079800 ms)

AssetImportParameters requested are different than current active one (requested -> active):
  custom:framework-win-MediaFoundation: 216162199b28c13a410421893ffa2e32 -> 
  custom:video-decoder-ogg-theora: a1e56fd34408186e4bbccfd4996cb3dc -> 
  custom:container-muxer-webm: aa71ff27fc2769a1b78a27578f13a17b -> 
  custom:container-demuxer-webm: 4f35f7cbe854078d1ac9338744f61a02 -> 
  custom:container-demuxer-ogg: 62fdf1f143b41e24485cea50d1cbac27 -> 
  custom:video-encoder-webm-vp8: eb34c28f22e8b96e1ab97ce403110664 -> 
  custom:video-decoder-webm-vp8: 9c59270c3fd7afecdb556c50c9e8de78 -> 
  custom:audio-decoder-ogg-vorbis: bf7c407c2cedff20999df2af8eb42d56 -> 
  custom:audio-encoder-webm-vorbis: bf7c407c2cedff20999df2af8eb42d56 -> 
========================================================================
Received Import Request.
  path: Assets/Scenes
  artifactKey: Guid(859edf8065d037d4a9218d6c4f794440) Importer(815301076,1909f56bfc062723c751e8b465ee728b)
Start importing Assets/Scenes using Guid(859edf8065d037d4a9218d6c4f794440) Importer(815301076,1909f56bfc062723c751e8b465ee728b)  -> (artifact id: 'f596257899c19ec1887bd5a0586e776e') in 0.007562 seconds 
  Import took 0.010117 seconds .

========================================================================
Received Import Request.
  Time since last request: 0.000242 seconds.
  path: Assets/Scenes/New2DGame.unity
  artifactKey: Guid(d9844195a5c06a1428c0665eb01a3143) Importer(815301076,1909f56bfc062723c751e8b465ee728b)
Start importing Assets/Scenes/New2DGame.unity using Guid(d9844195a5c06a1428c0665eb01a3143) Importer(815301076,1909f56bfc062723c751e8b465ee728b)  -> (artifact id: 'bae2476ca3ea8de49ba0075e32afe8e2') in 0.010734 seconds 
  Import took 0.013100 seconds .

========================================================================
Received Import Request.
  Time since last request: 191.788157 seconds.
  path: Assets/RubyIdleDown2.controller
  artifactKey: Guid(70ddac67d0d36de4aa60f580cefb3b9e) Importer(815301076,1909f56bfc062723c751e8b465ee728b)
Start importing Assets/RubyIdleDown2.controller using Guid(70ddac67d0d36de4aa60f580cefb3b9e) Importer(815301076,1909f56bfc062723c751e8b465ee728b)  -> (artifact id: '4106819c83118cba94c648a67821c7a6') in 0.016870 seconds 
  Import took 0.019828 seconds .

========================================================================
Received Import Request.
  Time since last request: 71.534180 seconds.
  path: Assets/Scenes/ruby.controller
  artifactKey: Guid(8e87dea95ca672d4682a2e77cc81271f) Importer(815301076,1909f56bfc062723c751e8b465ee728b)
Start importing Assets/Scenes/ruby.controller using Guid(8e87dea95ca672d4682a2e77cc81271f) Importer(815301076,1909f56bfc062723c751e8b465ee728b)  -> (artifact id: '044624bddc3cd90016363a2c4363fc63') in 0.005986 seconds 
  Import took 0.008828 seconds .

========================================================================
Received Import Request.
  Time since last request: 22.278613 seconds.
  path: Assets/ruby 等待.anim
  artifactKey: Guid(90b6d7b70fe835b42bf3c8cc7cbc947a) Importer(815301076,1909f56bfc062723c751e8b465ee728b)
Start importing Assets/ruby 等待.anim using Guid(90b6d7b70fe835b42bf3c8cc7cbc947a) Importer(815301076,1909f56bfc062723c751e8b465ee728b)  -> (artifact id: '453375aee30e5fee6d20883f820cafda') in 0.006336 seconds 
  Import took 0.008956 seconds .

========================================================================
Received Import Request.
  Time since last request: 532.302027 seconds.
  path: Assets/ruby 走路 背面.anim
  artifactKey: Guid(cbec8a60c19eb4449b24a453ac4a0ada) Importer(815301076,1909f56bfc062723c751e8b465ee728b)
Start importing Assets/ruby 走路 背面.anim using Guid(cbec8a60c19eb4449b24a453ac4a0ada) Importer(815301076,1909f56bfc062723c751e8b465ee728b)  -> (artifact id: '052f31d919c71d283291333b7b797930') in 0.007610 seconds 
  Import took 0.011119 seconds .

========================================================================
Received Import Request.
  Time since last request: 3.245968 seconds.
  path: Assets/ruby 走路 正面.anim
  artifactKey: Guid(d34916160d5f90042a58dcdcad7725f1) Importer(815301076,1909f56bfc062723c751e8b465ee728b)
Start importing Assets/ruby 走路 正面.anim using Guid(d34916160d5f90042a58dcdcad7725f1) Importer(815301076,1909f56bfc062723c751e8b465ee728b)  -> (artifact id: '56923fb371d99cfe8ac139bb126eaeff') in 0.005833 seconds 
  Import took 0.008812 seconds .

========================================================================
Received Import Request.
  Time since last request: 34.043293 seconds.
  path: Assets/ruby 走路 左.anim
  artifactKey: Guid(2e21cec74e1809640a6a475b19be1eee) Importer(815301076,1909f56bfc062723c751e8b465ee728b)
Start importing Assets/ruby 走路 左.anim using Guid(2e21cec74e1809640a6a475b19be1eee) Importer(815301076,1909f56bfc062723c751e8b465ee728b)  -> (artifact id: 'aa9c02ecb77c84241ae04156380f2f88') in 0.006837 seconds 
  Import took 0.009707 seconds .

========================================================================
Received Import Request.
  Time since last request: 0.379910 seconds.
  path: Assets/ruby 走路 右.anim
  artifactKey: Guid(d684c5940b0110f4395367e8af8eeb36) Importer(815301076,1909f56bfc062723c751e8b465ee728b)
Start importing Assets/ruby 走路 右.anim using Guid(d684c5940b0110f4395367e8af8eeb36) Importer(815301076,1909f56bfc062723c751e8b465ee728b)  -> (artifact id: '6c7453f004d682e26693f50ba7d7d01d') in 0.007121 seconds 
  Import took 0.010100 seconds .

========================================================================
Received Import Request.
  Time since last request: 4.168571 seconds.
  path: Assets/調色盤/地形.prefab
  artifactKey: Guid(e3e99c26204876c4aada1f78f933099a) Importer(815301076,1909f56bfc062723c751e8b465ee728b)
Start importing Assets/調色盤/地形.prefab using Guid(e3e99c26204876c4aada1f78f933099a) Importer(815301076,1909f56bfc062723c751e8b465ee728b)  -> (artifact id: '02bc16da0c2da19346a1754a5fbe4485') in 0.087626 seconds 
  Import took 0.091106 seconds .

========================================================================
Received Import Request.
  Time since last request: 30.258047 seconds.
  path: Assets/2Dpackage
  artifactKey: Guid(f62dc2ab13c3342a49530d183d92fb8d) Importer(815301076,1909f56bfc062723c751e8b465ee728b)
Start importing Assets/2Dpackage using Guid(f62dc2ab13c3342a49530d183d92fb8d) Importer(815301076,1909f56bfc062723c751e8b465ee728b)  -> (artifact id: 'f2fd7105f11d5dbbb4d3690734ac035f') in 0.004799 seconds 
  Import took 0.007481 seconds .

========================================================================
Received Import Request.
  Time since last request: 1.063482 seconds.
  path: Assets/2Dpackage/Art
  artifactKey: Guid(7dc92abd333901a43ae8edc459c826d7) Importer(815301076,1909f56bfc062723c751e8b465ee728b)
Start importing Assets/2Dpackage/Art using Guid(7dc92abd333901a43ae8edc459c826d7) Importer(815301076,1909f56bfc062723c751e8b465ee728b)  -> (artifact id: '94dab46dd8845925309a886def4f0a28') in 0.005863 seconds 
  Import took 0.009266 seconds .

========================================================================
Received Import Request.
  Time since last request: 1.625119 seconds.
  path: Assets/2Dpackage/Art/Sprites
  artifactKey: Guid(393943900ba2b6c4cb80f5e4a5d0806c) Importer(815301076,1909f56bfc062723c751e8b465ee728b)
Start importing Assets/2Dpackage/Art/Sprites using Guid(393943900ba2b6c4cb80f5e4a5d0806c) Importer(815301076,1909f56bfc062723c751e8b465ee728b)  -> (artifact id: '0e1aba6cdf6850f5b85ae83ca3c754bf') in 0.005103 seconds 
  Import took 0.008100 seconds .

========================================================================
Received Import Request.
  Time since last request: 254.580576 seconds.
  path: Assets/調色盤/FloorBricksToGrassCorner_0.asset
  artifactKey: Guid(2c5643c3cd87424428ec4dfe17a6b373) Importer(815301076,1909f56bfc062723c751e8b465ee728b)
Start importing Assets/調色盤/FloorBricksToGrassCorner_0.asset using Guid(2c5643c3cd87424428ec4dfe17a6b373) Importer(815301076,1909f56bfc062723c751e8b465ee728b)  -> (artifact id: 'e13dbb982786d44f23a28d4ef398e831') in 0.025634 seconds 
  Import took 0.029165 seconds .

========================================================================
Received Import Request.
  Time since last request: 0.000219 seconds.
  path: Assets/調色盤/FloorGrassToBricksSquare_7.asset
  artifactKey: Guid(ef776a1b2d7ad9a489cb05928f1e2c85) Importer(815301076,1909f56bfc062723c751e8b465ee728b)
Start importing Assets/調色盤/FloorGrassToBricksSquare_7.asset using Guid(ef776a1b2d7ad9a489cb05928f1e2c85) Importer(815301076,1909f56bfc062723c751e8b465ee728b)  -> (artifact id: 'ced666ea8f0425eefdf17ee833631284') in 0.009606 seconds 
  Import took 0.012626 seconds .

========================================================================
Received Import Request.
  Time since last request: 0.000216 seconds.
  path: Assets/調色盤/FloorGrassToBricksCorner_5.asset
  artifactKey: Guid(4d9799b552578b245b7f500aba8ab3b4) Importer(815301076,1909f56bfc062723c751e8b465ee728b)
Start importing Assets/調色盤/FloorGrassToBricksCorner_5.asset using Guid(4d9799b552578b245b7f500aba8ab3b4) Importer(815301076,1909f56bfc062723c751e8b465ee728b)  -> (artifact id: '6e9d0203c0a29e2cdb0f1feb7cdf5133') in 0.013600 seconds 
  Import took 0.016225 seconds .

========================================================================
Received Import Request.
  Time since last request: 0.000233 seconds.
  path: Assets/調色盤/FloorBricksToGrassSquare_3.asset
  artifactKey: Guid(90174bd4ccf18b44e9127ca5bd2d8af0) Importer(815301076,1909f56bfc062723c751e8b465ee728b)
Start importing Assets/調色盤/FloorBricksToGrassSquare_3.asset using Guid(90174bd4ccf18b44e9127ca5bd2d8af0) Importer(815301076,1909f56bfc062723c751e8b465ee728b)  -> (artifact id: '4dd3328e5b4e5c71dac2e2ac57583a27') in 0.008499 seconds 
  Import took 0.011170 seconds .

========================================================================
Received Import Request.
  Time since last request: 0.000239 seconds.
  path: Assets/調色盤/FloorWaterRoundCorners_6.asset
  artifactKey: Guid(9de173645e2cc1d449a9fdf07bf11b68) Importer(815301076,1909f56bfc062723c751e8b465ee728b)
Start importing Assets/調色盤/FloorWaterRoundCorners_6.asset using Guid(9de173645e2cc1d449a9fdf07bf11b68) Importer(815301076,1909f56bfc062723c751e8b465ee728b)  -> (artifact id: '2028fb991dcb308683fa35b07d6b8b37') in 0.010076 seconds 
  Import took 0.012947 seconds .

========================================================================
Received Import Request.
  Time since last request: 0.000263 seconds.
  path: Assets/調色盤/FloorBricksToGrassSquare_0.asset
  artifactKey: Guid(8ca08dd9e524dd84e869ad5d2cb3aa57) Importer(815301076,1909f56bfc062723c751e8b465ee728b)
Start importing Assets/調色盤/FloorBricksToGrassSquare_0.asset using Guid(8ca08dd9e524dd84e869ad5d2cb3aa57) Importer(815301076,1909f56bfc062723c751e8b465ee728b)  -> (artifact id: '77a6a5a10451fbb344bdf11c9cfdfed9') in 0.007850 seconds 
  Import took 0.010607 seconds .

========================================================================
Received Import Request.
  Time since last request: 0.000251 seconds.
  path: Assets/調色盤/FloorGrassToBricksSquare_5.asset
  artifactKey: Guid(25b23c96c73338f42877b5a1657b1df3) Importer(815301076,1909f56bfc062723c751e8b465ee728b)
Start importing Assets/調色盤/FloorGrassToBricksSquare_5.asset using Guid(25b23c96c73338f42877b5a1657b1df3) Importer(815301076,1909f56bfc062723c751e8b465ee728b)  -> (artifact id: 'e594b842b29ecd69c86e07c9612e801e') in 0.007839 seconds 
  Import took 0.010835 seconds .

========================================================================
Received Import Request.
  Time since last request: 0.000222 seconds.
  path: Assets/調色盤/FloorWaterSquareCorners_0.asset
  artifactKey: Guid(c75b524da7fa03f4a8af8fa92e6867f3) Importer(815301076,1909f56bfc062723c751e8b465ee728b)
Start importing Assets/調色盤/FloorWaterSquareCorners_0.asset using Guid(c75b524da7fa03f4a8af8fa92e6867f3) Importer(815301076,1909f56bfc062723c751e8b465ee728b)  -> (artifact id: '8f043bc3c9b2d7cf52866f3a1094e8b2') in 0.007489 seconds 
  Import took 0.010153 seconds .

========================================================================
Received Import Request.
  Time since last request: 0.000290 seconds.
  path: Assets/調色盤/FloorWaterSquareCorners_6.asset
  artifactKey: Guid(74040142e7280464d929e76492dc0651) Importer(815301076,1909f56bfc062723c751e8b465ee728b)
Start importing Assets/調色盤/FloorWaterSquareCorners_6.asset using Guid(74040142e7280464d929e76492dc0651) Importer(815301076,1909f56bfc062723c751e8b465ee728b)  -> (artifact id: '7571d1bae77e0cbb78c48f053eb49844') in 0.008202 seconds 
  Import took 0.011015 seconds .

========================================================================
Received Import Request.
  Time since last request: 0.000215 seconds.
  path: Assets/調色盤/FloorBricksToGrassSquare_4.asset
  artifactKey: Guid(167820c134d593745ac9abdd5a0e1dc5) Importer(815301076,1909f56bfc062723c751e8b465ee728b)
Start importing Assets/調色盤/FloorBricksToGrassSquare_4.asset using Guid(167820c134d593745ac9abdd5a0e1dc5) Importer(815301076,1909f56bfc062723c751e8b465ee728b)  -> (artifact id: '7995ddb72bb49afb91122d0698d4843c') in 0.007481 seconds 
  Import took 0.010136 seconds .

========================================================================
Received Import Request.
  Time since last request: 0.000192 seconds.
  path: Assets/調色盤/FloorGrassToBricksSquare_0.asset
  artifactKey: Guid(b63bba47abd76894a995e60edfc910a4) Importer(815301076,1909f56bfc062723c751e8b465ee728b)
Start importing Assets/調色盤/FloorGrassToBricksSquare_0.asset using Guid(b63bba47abd76894a995e60edfc910a4) Importer(815301076,1909f56bfc062723c751e8b465ee728b)  -> (artifact id: 'b428cbd2d6f016856fddd0f96309b71a') in 0.008556 seconds 
  Import took 0.011403 seconds .

========================================================================
Received Import Request.
  Time since last request: 0.000199 seconds.
  path: Assets/調色盤/FloorGrassToBricksCorner_3.asset
  artifactKey: Guid(987e7cc55fb724345953c160fc095da2) Importer(815301076,1909f56bfc062723c751e8b465ee728b)
Start importing Assets/調色盤/FloorGrassToBricksCorner_3.asset using Guid(987e7cc55fb724345953c160fc095da2) Importer(815301076,1909f56bfc062723c751e8b465ee728b)  -> (artifact id: 'a1debe3906f91884ecfa5569bc34e8b2') in 0.008040 seconds 
  Import took 0.010820 seconds .

========================================================================
Received Import Request.
  Time since last request: 0.000237 seconds.
  path: Assets/調色盤/FloorWaterSquareCorners_7.asset
  artifactKey: Guid(1d9c30dba065fc54b95d9bf8814f223a) Importer(815301076,1909f56bfc062723c751e8b465ee728b)
Start importing Assets/調色盤/FloorWaterSquareCorners_7.asset using Guid(1d9c30dba065fc54b95d9bf8814f223a) Importer(815301076,1909f56bfc062723c751e8b465ee728b)  -> (artifact id: '3b94feea8234a4c38011907f57c2111e') in 0.007612 seconds 
  Import took 0.010306 seconds .

========================================================================
Received Import Request.
  Time since last request: 0.000249 seconds.
  path: Assets/調色盤/FloorBricksToGrassCorner_2.asset
  artifactKey: Guid(166eac03f67ca3c4dbf823e44aace4a9) Importer(815301076,1909f56bfc062723c751e8b465ee728b)
Start importing Assets/調色盤/FloorBricksToGrassCorner_2.asset using Guid(166eac03f67ca3c4dbf823e44aace4a9) Importer(815301076,1909f56bfc062723c751e8b465ee728b)  -> (artifact id: '3581680c3626a23f3d528d306a87f006') in 0.008149 seconds 
  Import took 0.011036 seconds .

========================================================================
Received Import Request.
  Time since last request: 0.000233 seconds.
  path: Assets/調色盤/FloorBricksToGrassSquare_1.asset
  artifactKey: Guid(b52ac2cd9d6a43948a2b065b86c56f28) Importer(815301076,1909f56bfc062723c751e8b465ee728b)
Start importing Assets/調色盤/FloorBricksToGrassSquare_1.asset using Guid(b52ac2cd9d6a43948a2b065b86c56f28) Importer(815301076,1909f56bfc062723c751e8b465ee728b)  -> (artifact id: '072d0fc8f3063eeea53723182f043614') in 0.007696 seconds 
  Import took 0.010380 seconds .

========================================================================
Received Import Request.
  Time since last request: 0.000221 seconds.
  path: Assets/調色盤/FloorGrassToBricksSquare_8.asset
  artifactKey: Guid(80262903021b7fb4cb068c464fc664f1) Importer(815301076,1909f56bfc062723c751e8b465ee728b)
Start importing Assets/調色盤/FloorGrassToBricksSquare_8.asset using Guid(80262903021b7fb4cb068c464fc664f1) Importer(815301076,1909f56bfc062723c751e8b465ee728b)  -> (artifact id: 'b3d682f6073f5ddf55ceda4fcec7b8fc') in 0.009203 seconds 
  Import took 0.012115 seconds .

========================================================================
Received Import Request.
  Time since last request: 0.000233 seconds.
  path: Assets/調色盤/FloorWaterRoundCorners_7.asset
  artifactKey: Guid(c8195c90b4b507e44a3ea294c7390f71) Importer(815301076,1909f56bfc062723c751e8b465ee728b)
Start importing Assets/調色盤/FloorWaterRoundCorners_7.asset using Guid(c8195c90b4b507e44a3ea294c7390f71) Importer(815301076,1909f56bfc062723c751e8b465ee728b)  -> (artifact id: '96651ea3cbca58acbefe3dd92840cba3') in 0.008057 seconds 
  Import took 0.011202 seconds .

========================================================================
Received Import Request.
  Time since last request: 0.000218 seconds.
  path: Assets/調色盤/FloorWaterRoundCorners_8.asset
  artifactKey: Guid(e2d567c1d111a9841b563812f49b7ab6) Importer(815301076,1909f56bfc062723c751e8b465ee728b)
Start importing Assets/調色盤/FloorWaterRoundCorners_8.asset using Guid(e2d567c1d111a9841b563812f49b7ab6) Importer(815301076,1909f56bfc062723c751e8b465ee728b)  -> (artifact id: '5972b09ff427ba1d0cecfc4a7041818e') in 0.008477 seconds 
  Import took 0.011050 seconds .

========================================================================
Received Import Request.
  Time since last request: 0.000255 seconds.
  path: Assets/調色盤/FloorGrassToBricksSquare_4.asset
  artifactKey: Guid(0cb701a82cc4882479ecc94757120603) Importer(815301076,1909f56bfc062723c751e8b465ee728b)
Start importing Assets/調色盤/FloorGrassToBricksSquare_4.asset using Guid(0cb701a82cc4882479ecc94757120603) Importer(815301076,1909f56bfc062723c751e8b465ee728b)  -> (artifact id: '1fd310a45bc9433a66b726fab85c8785') in 0.008345 seconds 
  Import took 0.011195 seconds .

========================================================================
Received Import Request.
  Time since last request: 0.000249 seconds.
  path: Assets/調色盤/FloorBricksToGrassCorner_3.asset
  artifactKey: Guid(7ff27a28aee67734581e4e8986bd5b53) Importer(815301076,1909f56bfc062723c751e8b465ee728b)
Start importing Assets/調色盤/FloorBricksToGrassCorner_3.asset using Guid(7ff27a28aee67734581e4e8986bd5b53) Importer(815301076,1909f56bfc062723c751e8b465ee728b)  -> (artifact id: '36f9c9655a6c87e007f51bbd82c6d25b') in 0.007849 seconds 
  Import took 0.010472 seconds .

========================================================================
Received Import Request.
  Time since last request: 0.000167 seconds.
  path: Assets/調色盤/FloorGrassToBricksCorner_0.asset
  artifactKey: Guid(88935814a9b443b4a88f09d1766a00a8) Importer(815301076,1909f56bfc062723c751e8b465ee728b)
Start importing Assets/調色盤/FloorGrassToBricksCorner_0.asset using Guid(88935814a9b443b4a88f09d1766a00a8) Importer(815301076,1909f56bfc062723c751e8b465ee728b)  -> (artifact id: 'bef474cb4e3a37c8400a5f386f4916b2') in 0.008054 seconds 
  Import took 0.010897 seconds .

========================================================================
Received Import Request.
  Time since last request: 0.000212 seconds.
  path: Assets/調色盤/FloorBricksToGrassSquare_8.asset
  artifactKey: Guid(4c6434fd523771f46a9dd7c369683906) Importer(815301076,1909f56bfc062723c751e8b465ee728b)
Start importing Assets/調色盤/FloorBricksToGrassSquare_8.asset using Guid(4c6434fd523771f46a9dd7c369683906) Importer(815301076,1909f56bfc062723c751e8b465ee728b)  -> (artifact id: 'd9b2a0f8cd3d2cb000a6e2199b66d988') in 0.008338 seconds 
  Import took 0.010940 seconds .

========================================================================
Received Import Request.
  Time since last request: 0.000243 seconds.
  path: Assets/調色盤/FloorBricksToGrassCorner_6.asset
  artifactKey: Guid(4d901a83e921b3247a7cc33cba87e2b8) Importer(815301076,1909f56bfc062723c751e8b465ee728b)
Start importing Assets/調色盤/FloorBricksToGrassCorner_6.asset using Guid(4d901a83e921b3247a7cc33cba87e2b8) Importer(815301076,1909f56bfc062723c751e8b465ee728b)  -> (artifact id: '31beb3f8a962a184ab2d444a39d25d03') in 0.007919 seconds 
  Import took 0.010691 seconds .

========================================================================
Received Import Request.
  Time since last request: 0.000231 seconds.
  path: Assets/調色盤/FloorWaterSquareCorners_5.asset
  artifactKey: Guid(3b4f1a15d16ca8745851b02854b39311) Importer(815301076,1909f56bfc062723c751e8b465ee728b)
Start importing Assets/調色盤/FloorWaterSquareCorners_5.asset using Guid(3b4f1a15d16ca8745851b02854b39311) Importer(815301076,1909f56bfc062723c751e8b465ee728b)  -> (artifact id: '447576db9296643e446c5aeaad2bb0b1') in 0.009426 seconds 
  Import took 0.012047 seconds .

========================================================================
Received Import Request.
  Time since last request: 0.000211 seconds.
  path: Assets/調色盤/FloorWaterSquareCorners_3.asset
  artifactKey: Guid(a4e21fb135e90fd419f45696d1d7972a) Importer(815301076,1909f56bfc062723c751e8b465ee728b)
Start importing Assets/調色盤/FloorWaterSquareCorners_3.asset using Guid(a4e21fb135e90fd419f45696d1d7972a) Importer(815301076,1909f56bfc062723c751e8b465ee728b)  -> (artifact id: 'f5a797d8c9513000bb6e6089d464bcf7') in 0.008050 seconds 
  Import took 0.010601 seconds .

========================================================================
Received Import Request.
  Time since last request: 0.000264 seconds.
  path: Assets/調色盤/FloorWaterRoundCorners_1.asset
  artifactKey: Guid(be78882ae3152bf4f9280204452a15ce) Importer(815301076,1909f56bfc062723c751e8b465ee728b)
Start importing Assets/調色盤/FloorWaterRoundCorners_1.asset using Guid(be78882ae3152bf4f9280204452a15ce) Importer(815301076,1909f56bfc062723c751e8b465ee728b)  -> (artifact id: '1c7526488be4216d3302c9ccd1d78018') in 0.010113 seconds 
  Import took 0.012788 seconds .

========================================================================
Received Import Request.
  Time since last request: 0.000242 seconds.
  path: Assets/調色盤/FloorWaterRoundCorners_3.asset
  artifactKey: Guid(80c3c01c462c75b4399aa085eb26d165) Importer(815301076,1909f56bfc062723c751e8b465ee728b)
Start importing Assets/調色盤/FloorWaterRoundCorners_3.asset using Guid(80c3c01c462c75b4399aa085eb26d165) Importer(815301076,1909f56bfc062723c751e8b465ee728b)  -> (artifact id: 'e734f922e00fcd7d246121966f6f96ed') in 0.008279 seconds 
  Import took 0.011195 seconds .

========================================================================
Received Import Request.
  Time since last request: 0.000205 seconds.
  path: Assets/調色盤/FloorBricksToGrassCorner_4.asset
  artifactKey: Guid(bbbc57bafc89a3c4c9303ed61a4f3e1a) Importer(815301076,1909f56bfc062723c751e8b465ee728b)
Start importing Assets/調色盤/FloorBricksToGrassCorner_4.asset using Guid(bbbc57bafc89a3c4c9303ed61a4f3e1a) Importer(815301076,1909f56bfc062723c751e8b465ee728b)  -> (artifact id: 'cb1cfe0299b4d76a5e7f362a0481cd81') in 0.010355 seconds 
  Import took 0.013146 seconds .

========================================================================
Received Import Request.
  Time since last request: 0.000278 seconds.
  path: Assets/調色盤/FloorWaterSquareCorners_4.asset
  artifactKey: Guid(329bc73f7a3e0c24a9df14777e50a19f) Importer(815301076,1909f56bfc062723c751e8b465ee728b)
Start importing Assets/調色盤/FloorWaterSquareCorners_4.asset using Guid(329bc73f7a3e0c24a9df14777e50a19f) Importer(815301076,1909f56bfc062723c751e8b465ee728b)  -> (artifact id: '8b9a53e67fbafc241ccfa38317f6adca') in 0.008177 seconds 
  Import took 0.010771 seconds .

========================================================================
Received Import Request.
  Time since last request: 0.000254 seconds.
  path: Assets/調色盤/FloorGrassToBricksCorner_2.asset
  artifactKey: Guid(6d9745c8cc7d29841911b5e2a401b7ac) Importer(815301076,1909f56bfc062723c751e8b465ee728b)
Start importing Assets/調色盤/FloorGrassToBricksCorner_2.asset using Guid(6d9745c8cc7d29841911b5e2a401b7ac) Importer(815301076,1909f56bfc062723c751e8b465ee728b)  -> (artifact id: 'b025db808d4f13a808ad2745f696db97') in 0.007834 seconds 
  Import took 0.010822 seconds .

========================================================================
Received Import Request.
  Time since last request: 0.000201 seconds.
  path: Assets/調色盤/FloorBricksToGrassCorner_8.asset
  artifactKey: Guid(fde76add6ae24444ebcdadcdcf3e7817) Importer(815301076,1909f56bfc062723c751e8b465ee728b)
Start importing Assets/調色盤/FloorBricksToGrassCorner_8.asset using Guid(fde76add6ae24444ebcdadcdcf3e7817) Importer(815301076,1909f56bfc062723c751e8b465ee728b)  -> (artifact id: '0d68bf4ae240cf1a53b587387cd7f23d') in 0.008001 seconds 
  Import took 0.011083 seconds .

========================================================================
Received Import Request.
  Time since last request: 0.000246 seconds.
  path: Assets/調色盤/FloorBricksToGrassSquare_6.asset
  artifactKey: Guid(9e91770497bd1254380d6a24a300194e) Importer(815301076,1909f56bfc062723c751e8b465ee728b)
Start importing Assets/調色盤/FloorBricksToGrassSquare_6.asset using Guid(9e91770497bd1254380d6a24a300194e) Importer(815301076,1909f56bfc062723c751e8b465ee728b)  -> (artifact id: '06d77d5c11756ea6f70085a6acef04cb') in 0.007843 seconds 
  Import took 0.010632 seconds .

========================================================================
Received Import Request.
  Time since last request: 0.000251 seconds.
  path: Assets/調色盤/FloorBricksToGrassSquare_5.asset
  artifactKey: Guid(f551bfd84ab20fd409ffa50fc0869d8c) Importer(815301076,1909f56bfc062723c751e8b465ee728b)
Start importing Assets/調色盤/FloorBricksToGrassSquare_5.asset using Guid(f551bfd84ab20fd409ffa50fc0869d8c) Importer(815301076,1909f56bfc062723c751e8b465ee728b)  -> (artifact id: 'e223b96c9e66bd53134076e1f16fdf53') in 0.009453 seconds 
  Import took 0.012100 seconds .

========================================================================
Received Import Request.
  Time since last request: 0.000219 seconds.
  path: Assets/調色盤/FloorGrassToBricksSquare_3.asset
  artifactKey: Guid(3a70178f0030cf54584913a8cecf3a3a) Importer(815301076,1909f56bfc062723c751e8b465ee728b)
Start importing Assets/調色盤/FloorGrassToBricksSquare_3.asset using Guid(3a70178f0030cf54584913a8cecf3a3a) Importer(815301076,1909f56bfc062723c751e8b465ee728b)  -> (artifact id: 'c29b4a8848b404b83d4f7a30d9a40f4a') in 0.008102 seconds 
  Import took 0.010802 seconds .

========================================================================
Received Import Request.
  Time since last request: 0.000232 seconds.
  path: Assets/調色盤/FloorBricksToGrassCorner_7.asset
  artifactKey: Guid(fe482b53f0a3ffb45a895a05df98a3a2) Importer(815301076,1909f56bfc062723c751e8b465ee728b)
Start importing Assets/調色盤/FloorBricksToGrassCorner_7.asset using Guid(fe482b53f0a3ffb45a895a05df98a3a2) Importer(815301076,1909f56bfc062723c751e8b465ee728b)  -> (artifact id: '85962e97a04a4caadf07baa177da1fa6') in 0.008582 seconds 
  Import took 0.011367 seconds .

========================================================================
Received Import Request.
  Time since last request: 0.000216 seconds.
  path: Assets/調色盤/FloorBricksToGrassSquare_7.asset
  artifactKey: Guid(93f5c688a2d99284d83fab53b874a5cf) Importer(815301076,1909f56bfc062723c751e8b465ee728b)
Start importing Assets/調色盤/FloorBricksToGrassSquare_7.asset using Guid(93f5c688a2d99284d83fab53b874a5cf) Importer(815301076,1909f56bfc062723c751e8b465ee728b)  -> (artifact id: 'd7853cc63f9985c663ef83fc57388caf') in 0.009741 seconds 
  Import took 0.012684 seconds .

========================================================================
Received Import Request.
  Time since last request: 0.000211 seconds.
  path: Assets/調色盤/FloorWaterRoundCorners_4.asset
  artifactKey: Guid(15927214a0f814a45b4175d6fbb8f4fe) Importer(815301076,1909f56bfc062723c751e8b465ee728b)
Start importing Assets/調色盤/FloorWaterRoundCorners_4.asset using Guid(15927214a0f814a45b4175d6fbb8f4fe) Importer(815301076,1909f56bfc062723c751e8b465ee728b)  -> (artifact id: '359e238ede8361e4a5c0d234b1161c82') in 0.008073 seconds 
  Import took 0.010906 seconds .

========================================================================
Received Import Request.
  Time since last request: 0.000284 seconds.
  path: Assets/調色盤/FloorWaterRoundCorners_5.asset
  artifactKey: Guid(01984256b62bbf44b872e53567877a91) Importer(815301076,1909f56bfc062723c751e8b465ee728b)
Start importing Assets/調色盤/FloorWaterRoundCorners_5.asset using Guid(01984256b62bbf44b872e53567877a91) Importer(815301076,1909f56bfc062723c751e8b465ee728b)  -> (artifact id: 'd09a2d89dbb3bab2fa9af60c01feb3ab') in 0.008665 seconds 
  Import took 0.011673 seconds .

========================================================================
Received Import Request.
  Time since last request: 0.000239 seconds.
  path: Assets/調色盤/FloorWaterSquareCorners_8.asset
  artifactKey: Guid(f99f4156ac559e0489cbbc2d909a9e9e) Importer(815301076,1909f56bfc062723c751e8b465ee728b)
Start importing Assets/調色盤/FloorWaterSquareCorners_8.asset using Guid(f99f4156ac559e0489cbbc2d909a9e9e) Importer(815301076,1909f56bfc062723c751e8b465ee728b)  -> (artifact id: 'c23b2fcb5c6422f70cc4e2df2376e8a1') in 0.009150 seconds 
  Import took 0.011825 seconds .

========================================================================
Received Import Request.
  Time since last request: 0.000196 seconds.
  path: Assets/調色盤/FloorBricksToGrassCorner_5.asset
  artifactKey: Guid(9649248d8095ac54f8d5a4f32922c084) Importer(815301076,1909f56bfc062723c751e8b465ee728b)
Start importing Assets/調色盤/FloorBricksToGrassCorner_5.asset using Guid(9649248d8095ac54f8d5a4f32922c084) Importer(815301076,1909f56bfc062723c751e8b465ee728b)  -> (artifact id: '2bdc7a24c5804c0850448e9f2fb6aed5') in 0.008226 seconds 
  Import took 0.010879 seconds .

========================================================================
Received Import Request.
  Time since last request: 0.000202 seconds.
  path: Assets/調色盤/FloorBricksToGrassSquare_2.asset
  artifactKey: Guid(2532050c230727547a5e796e2f6117e2) Importer(815301076,1909f56bfc062723c751e8b465ee728b)
Start importing Assets/調色盤/FloorBricksToGrassSquare_2.asset using Guid(2532050c230727547a5e796e2f6117e2) Importer(815301076,1909f56bfc062723c751e8b465ee728b)  -> (artifact id: 'fe540a9477d0d45ad479839d3f078cc6') in 0.008061 seconds 
  Import took 0.011084 seconds .

========================================================================
Received Import Request.
  Time since last request: 0.000231 seconds.
  path: Assets/調色盤/FloorGrassToBricksSquare_6.asset
  artifactKey: Guid(fde7548214f2d4c46b24694dd6bf9531) Importer(815301076,1909f56bfc062723c751e8b465ee728b)
Start importing Assets/調色盤/FloorGrassToBricksSquare_6.asset using Guid(fde7548214f2d4c46b24694dd6bf9531) Importer(815301076,1909f56bfc062723c751e8b465ee728b)  -> (artifact id: 'de6dbcbb976a92ddaff6d5b750b0e9af') in 0.008067 seconds 
  Import took 0.010859 seconds .

========================================================================
Received Import Request.
  Time since last request: 0.000251 seconds.
  path: Assets/調色盤/FloorGrassToBricksSquare_2.asset
  artifactKey: Guid(9c716ad2abc314b409ca099805e29927) Importer(815301076,1909f56bfc062723c751e8b465ee728b)
Start importing Assets/調色盤/FloorGrassToBricksSquare_2.asset using Guid(9c716ad2abc314b409ca099805e29927) Importer(815301076,1909f56bfc062723c751e8b465ee728b)  -> (artifact id: 'ecf5e0b74223f3b63bb64b593f98e1df') in 0.008089 seconds 
  Import took 0.010911 seconds .

========================================================================
Received Import Request.
  Time since last request: 0.000195 seconds.
  path: Assets/調色盤/FloorWaterRoundCorners_0.asset
  artifactKey: Guid(9ec41ed6bc0764c4cac2a1ba868a834b) Importer(815301076,1909f56bfc062723c751e8b465ee728b)
Start importing Assets/調色盤/FloorWaterRoundCorners_0.asset using Guid(9ec41ed6bc0764c4cac2a1ba868a834b) Importer(815301076,1909f56bfc062723c751e8b465ee728b)  -> (artifact id: 'f7a65c0fa5de238fb80203e7f7f21bc3') in 0.007969 seconds 
  Import took 0.010900 seconds .

========================================================================
Received Import Request.
  Time since last request: 0.000200 seconds.
  path: Assets/調色盤/FloorWaterSquareCorners_1.asset
  artifactKey: Guid(b55c5fa7b3371604b88cd742b3a03311) Importer(815301076,1909f56bfc062723c751e8b465ee728b)
Start importing Assets/調色盤/FloorWaterSquareCorners_1.asset using Guid(b55c5fa7b3371604b88cd742b3a03311) Importer(815301076,1909f56bfc062723c751e8b465ee728b)  -> (artifact id: '579f12dcbbd49b4606719472147ff359') in 0.008264 seconds 
  Import took 0.011144 seconds .

========================================================================
Received Import Request.
  Time since last request: 0.000204 seconds.
  path: Assets/調色盤/FloorWaterRoundCorners_2.asset
  artifactKey: Guid(81b65c56db43c4b46ad0b756895ae184) Importer(815301076,1909f56bfc062723c751e8b465ee728b)
Start importing Assets/調色盤/FloorWaterRoundCorners_2.asset using Guid(81b65c56db43c4b46ad0b756895ae184) Importer(815301076,1909f56bfc062723c751e8b465ee728b)  -> (artifact id: 'adfa47a33015e537f7688ac6181130de') in 0.007974 seconds 
  Import took 0.010632 seconds .

========================================================================
Received Import Request.
  Time since last request: 0.000247 seconds.
  path: Assets/調色盤/FloorGrassToBricksCorner_7.asset
  artifactKey: Guid(aa7e375fbb1aac14c86a7929c8d747dd) Importer(815301076,1909f56bfc062723c751e8b465ee728b)
Start importing Assets/調色盤/FloorGrassToBricksCorner_7.asset using Guid(aa7e375fbb1aac14c86a7929c8d747dd) Importer(815301076,1909f56bfc062723c751e8b465ee728b)  -> (artifact id: '906c486f8425036ee6d20904020675d4') in 0.008206 seconds 
  Import took 0.010691 seconds .

========================================================================
Received Import Request.
  Time since last request: 0.000198 seconds.
  path: Assets/調色盤/FloorWaterSquareCorners_2.asset
  artifactKey: Guid(b098da9b08473494e9866943a44bd0f2) Importer(815301076,1909f56bfc062723c751e8b465ee728b)
Start importing Assets/調色盤/FloorWaterSquareCorners_2.asset using Guid(b098da9b08473494e9866943a44bd0f2) Importer(815301076,1909f56bfc062723c751e8b465ee728b)  -> (artifact id: 'c88deab705521637af4cf286e55063b7') in 0.008602 seconds 
  Import took 0.011138 seconds .

========================================================================
Received Import Request.
  Time since last request: 0.000233 seconds.
  path: Assets/調色盤/FloorGrassToBricksCorner_6.asset
  artifactKey: Guid(58afc1f779de1334dafda0d4f60af467) Importer(815301076,1909f56bfc062723c751e8b465ee728b)
Start importing Assets/調色盤/FloorGrassToBricksCorner_6.asset using Guid(58afc1f779de1334dafda0d4f60af467) Importer(815301076,1909f56bfc062723c751e8b465ee728b)  -> (artifact id: '5d7bbcceed8c75304ae1c0ce0363c9ac') in 0.008193 seconds 
  Import took 0.011314 seconds .

========================================================================
Received Import Request.
  Time since last request: 0.000213 seconds.
  path: Assets/調色盤/FloorBricksToGrassCorner_1.asset
  artifactKey: Guid(47692107c1fbe5a48a37c55148a8439e) Importer(815301076,1909f56bfc062723c751e8b465ee728b)
Start importing Assets/調色盤/FloorBricksToGrassCorner_1.asset using Guid(47692107c1fbe5a48a37c55148a8439e) Importer(815301076,1909f56bfc062723c751e8b465ee728b)  -> (artifact id: '0e242326acc73fff72ff85b0d52df08d') in 0.009660 seconds 
  Import took 0.012322 seconds .

========================================================================
Received Import Request.
  Time since last request: 0.000219 seconds.
  path: Assets/調色盤/FloorGrassToBricksCorner_1.asset
  artifactKey: Guid(db95e5f23227e614b86b8b43c5e2601b) Importer(815301076,1909f56bfc062723c751e8b465ee728b)
Start importing Assets/調色盤/FloorGrassToBricksCorner_1.asset using Guid(db95e5f23227e614b86b8b43c5e2601b) Importer(815301076,1909f56bfc062723c751e8b465ee728b)  -> (artifact id: '061a25a61f03814fe6580599554c8bac') in 0.007887 seconds 
  Import took 0.010618 seconds .

========================================================================
Received Import Request.
  Time since last request: 0.000212 seconds.
  path: Assets/調色盤/FloorGrassToBricksSquare_1.asset
  artifactKey: Guid(26bac849314adb34989e4c1c66c08ea7) Importer(815301076,1909f56bfc062723c751e8b465ee728b)
Start importing Assets/調色盤/FloorGrassToBricksSquare_1.asset using Guid(26bac849314adb34989e4c1c66c08ea7) Importer(815301076,1909f56bfc062723c751e8b465ee728b)  -> (artifact id: '995232d5634f7ad0efd3724f81474d38') in 0.008361 seconds 
  Import took 0.010894 seconds .

========================================================================
Received Import Request.
  Time since last request: 0.000272 seconds.
  path: Assets/調色盤/FloorGrassToBricksCorner_8.asset
  artifactKey: Guid(c124d6a1883608b4a8abb28e3d92d000) Importer(815301076,1909f56bfc062723c751e8b465ee728b)
Start importing Assets/調色盤/FloorGrassToBricksCorner_8.asset using Guid(c124d6a1883608b4a8abb28e3d92d000) Importer(815301076,1909f56bfc062723c751e8b465ee728b)  -> (artifact id: '099f15a77139507b587ceaea630fceab') in 0.007783 seconds 
  Import took 0.010440 seconds .

========================================================================
Received Import Request.
  Time since last request: 0.000226 seconds.
  path: Assets/調色盤/FloorGrassToBricksCorner_4.asset
  artifactKey: Guid(392d71ee60204354884e4efe75f4ce69) Importer(815301076,1909f56bfc062723c751e8b465ee728b)
Start importing Assets/調色盤/FloorGrassToBricksCorner_4.asset using Guid(392d71ee60204354884e4efe75f4ce69) Importer(815301076,1909f56bfc062723c751e8b465ee728b)  -> (artifact id: 'b12b4ea1c5622ec53f15eb1a0ae4e605') in 0.009484 seconds 
  Import took 0.012072 seconds .

========================================================================
Received Import Request.
  Time since last request: 2.018368 seconds.
  path: Assets/2Dpackage/Audio/2D MUSIC LOOP.wav
  artifactKey: Guid(e406c04157c663a43b859646b7ad3c2a) Importer(815301076,1909f56bfc062723c751e8b465ee728b)
Start importing Assets/2Dpackage/Audio/2D MUSIC LOOP.wav using Guid(e406c04157c663a43b859646b7ad3c2a) Importer(815301076,1909f56bfc062723c751e8b465ee728b)  -> (artifact id: '2077188d0d35c608a137f25f1dd09cc5') in 0.091145 seconds 
  Import took 0.094301 seconds .

========================================================================
Received Import Request.
  Time since last request: 0.000259 seconds.
  path: Assets/2Dpackage/Audio/Player Hit.wav
  artifactKey: Guid(9b1bb1f450b7d444fa4a8019d13519a7) Importer(815301076,1909f56bfc062723c751e8b465ee728b)
Start importing Assets/2Dpackage/Audio/Player Hit.wav using Guid(9b1bb1f450b7d444fa4a8019d13519a7) Importer(815301076,1909f56bfc062723c751e8b465ee728b)  -> (artifact id: 'dbf115755ea15c0be5035df6be0b356c') in 0.008806 seconds 
  Import took 0.011357 seconds .

========================================================================
Received Import Request.
  Time since last request: 0.000199 seconds.
  path: Assets/2Dpackage/Audio/Quest Complete.wav
  artifactKey: Guid(f987bfc0b774d3f4e82dc47e91f78584) Importer(815301076,1909f56bfc062723c751e8b465ee728b)
Start importing Assets/2Dpackage/Audio/Quest Complete.wav using Guid(f987bfc0b774d3f4e82dc47e91f78584) Importer(815301076,1909f56bfc062723c751e8b465ee728b)  -> (artifact id: 'f0846413c6b008a6b902a179d030b92a') in 0.009107 seconds 
  Import took 0.011700 seconds .

========================================================================
Received Import Request.
  Time since last request: 0.000225 seconds.
  path: Assets/2Dpackage/Audio/Robot Walking_Broken.wav
  artifactKey: Guid(6bfbad8ffdf387d4e87e8fa07b62f7c1) Importer(815301076,1909f56bfc062723c751e8b465ee728b)
Start importing Assets/2Dpackage/Audio/Robot Walking_Broken.wav using Guid(6bfbad8ffdf387d4e87e8fa07b62f7c1) Importer(815301076,1909f56bfc062723c751e8b465ee728b)  -> (artifact id: 'dbfa0ace83d0fe2fbfe81a2361cb110b') in 0.010128 seconds 
  Import took 0.012802 seconds .

========================================================================
Received Import Request.
  Time since last request: 0.000242 seconds.
  path: Assets/2Dpackage/Audio/Throw Cog.wav
  artifactKey: Guid(b2edfd40873655249ba0e01a5cf705be) Importer(815301076,1909f56bfc062723c751e8b465ee728b)
Start importing Assets/2Dpackage/Audio/Throw Cog.wav using Guid(b2edfd40873655249ba0e01a5cf705be) Importer(815301076,1909f56bfc062723c751e8b465ee728b)  -> (artifact id: 'b9ad1b9f182cf6f31112b74fa2804993') in 0.009558 seconds 
  Import took 0.012726 seconds .

========================================================================
Received Import Request.
  Time since last request: 0.000210 seconds.
  path: Assets/2Dpackage/Audio/Hit for enemy 2.wav
  artifactKey: Guid(709a835b61b848644946696fdd5e5a4d) Importer(815301076,1909f56bfc062723c751e8b465ee728b)
Start importing Assets/2Dpackage/Audio/Hit for enemy 2.wav using Guid(709a835b61b848644946696fdd5e5a4d) Importer(815301076,1909f56bfc062723c751e8b465ee728b)  -> (artifact id: 'bae79d475201a9e6c959e7bd1e9d2a5c') in 0.008921 seconds 
  Import took 0.012284 seconds .

========================================================================
Received Import Request.
  Time since last request: 0.000225 seconds.
  path: Assets/2Dpackage/Audio/Hit for enemy 1.wav
  artifactKey: Guid(ae904c7305df7344d86b2092c0cb3a26) Importer(815301076,1909f56bfc062723c751e8b465ee728b)
Start importing Assets/2Dpackage/Audio/Hit for enemy 1.wav using Guid(ae904c7305df7344d86b2092c0cb3a26) Importer(815301076,1909f56bfc062723c751e8b465ee728b)  -> (artifact id: 'd1b8482c1b014791cab7be8607783e00') in 0.009191 seconds 
  Import took 0.011929 seconds .

========================================================================
Received Import Request.
  Time since last request: 0.000240 seconds.
  path: Assets/2Dpackage/Audio/Footsteps2a.wav
  artifactKey: Guid(a20c77ecd5de9eb4a98731b45ad84c3e) Importer(815301076,1909f56bfc062723c751e8b465ee728b)
Start importing Assets/2Dpackage/Audio/Footsteps2a.wav using Guid(a20c77ecd5de9eb4a98731b45ad84c3e) Importer(815301076,1909f56bfc062723c751e8b465ee728b)  -> (artifact id: 'ec4114c08ca62f0438743a345ad6a802') in 0.010167 seconds 
  Import took 0.012823 seconds .

========================================================================
Received Import Request.
  Time since last request: 0.000235 seconds.
  path: Assets/2Dpackage/Audio/Collectable.wav
  artifactKey: Guid(af5f8b64e3f58f24c87ff8f789b04f6c) Importer(815301076,1909f56bfc062723c751e8b465ee728b)
Start importing Assets/2Dpackage/Audio/Collectable.wav using Guid(af5f8b64e3f58f24c87ff8f789b04f6c) Importer(815301076,1909f56bfc062723c751e8b465ee728b)  -> (artifact id: '2c1b7c2bf256bd2c22fdd47c1a88f065') in 0.009329 seconds 
  Import took 0.011966 seconds .

========================================================================
Received Import Request.
  Time since last request: 0.000279 seconds.
  path: Assets/2Dpackage/Audio/Robot Fixed.wav
  artifactKey: Guid(e7fa1971a86d60945bb64585c0ac14d5) Importer(815301076,1909f56bfc062723c751e8b465ee728b)
Start importing Assets/2Dpackage/Audio/Robot Fixed.wav using Guid(e7fa1971a86d60945bb64585c0ac14d5) Importer(815301076,1909f56bfc062723c751e8b465ee728b)  -> (artifact id: 'b0f543d931514fe435c6ca33cfe96fc4') in 0.008910 seconds 
  Import took 0.012005 seconds .

========================================================================
Received Import Request.
  Time since last request: 21.531688 seconds.
  path: Assets/2Dpackage/Art/Animations/Ruby.controller
  artifactKey: Guid(b77822e0485373d40b5beb92e9a5e728) Importer(815301076,1909f56bfc062723c751e8b465ee728b)
Start importing Assets/2Dpackage/Art/Animations/Ruby.controller using Guid(b77822e0485373d40b5beb92e9a5e728) Importer(815301076,1909f56bfc062723c751e8b465ee728b)  -> (artifact id: 'c4fcd81e4a2ae98a8f7cade00f6374c8') in 0.009595 seconds 
  Import took 0.012542 seconds .

========================================================================
Received Import Request.
  Time since last request: 88.939418 seconds.
  path: Assets/Scripts
  artifactKey: Guid(8b279cc711d96fb46be79140aee16852) Importer(815301076,1909f56bfc062723c751e8b465ee728b)
Start importing Assets/Scripts using Guid(8b279cc711d96fb46be79140aee16852) Importer(815301076,1909f56bfc062723c751e8b465ee728b)  -> (artifact id: 'd0b5fd2be94a06e52c050fdb12b18000') in 0.005320 seconds 
  Import took 0.008098 seconds .

========================================================================
Received Import Request.
  Time since last request: 10.195281 seconds.
  path: Assets/2Dpackage/Art/Sprites/Characters
  artifactKey: Guid(ff0aa22beee37e947b64088c003dfa20) Importer(815301076,1909f56bfc062723c751e8b465ee728b)
Start importing Assets/2Dpackage/Art/Sprites/Characters using Guid(ff0aa22beee37e947b64088c003dfa20) Importer(815301076,1909f56bfc062723c751e8b465ee728b)  -> (artifact id: '0cee3beee5f5c2ae13062d53506489a2') in 0.004947 seconds 
  Import took 0.007529 seconds .

========================================================================
Received Import Request.
  Time since last request: 0.033454 seconds.
  path: Assets/2Dpackage/Art/Sprites/Characters/JambiSheet.png
  artifactKey: Guid(255841382d607e24a8317d9ab167f414) Importer(815301076,1909f56bfc062723c751e8b465ee728b)
Start importing Assets/2Dpackage/Art/Sprites/Characters/JambiSheet.png using Guid(255841382d607e24a8317d9ab167f414) Importer(815301076,1909f56bfc062723c751e8b465ee728b)  -> (artifact id: '6d430af58ba8f177d69370a804dcede9') in 0.075661 seconds 
  Import took 0.078776 seconds .

========================================================================
Received Import Request.
  Time since last request: 0.000235 seconds.
  path: Assets/2Dpackage/Art/Sprites/Characters/RubySheet.png
  artifactKey: Guid(c1dbff5bcb29cdd4bbb8de3a29f2328c) Importer(815301076,1909f56bfc062723c751e8b465ee728b)
Start importing Assets/2Dpackage/Art/Sprites/Characters/RubySheet.png using Guid(c1dbff5bcb29cdd4bbb8de3a29f2328c) Importer(815301076,1909f56bfc062723c751e8b465ee728b)  -> (artifact id: '72a91b890a4d3ef9e9a1c8d0fbe264e4') in 0.077271 seconds 
  Import took 0.079689 seconds .

========================================================================
Received Import Request.
  Time since last request: 0.000232 seconds.
  path: Assets/2Dpackage/Art/Sprites/Characters/MrClockworkSheet.png
  artifactKey: Guid(651c4abeb0812e74685da0e5a31c8dff) Importer(815301076,1909f56bfc062723c751e8b465ee728b)
Start importing Assets/2Dpackage/Art/Sprites/Characters/MrClockworkSheet.png using Guid(651c4abeb0812e74685da0e5a31c8dff) Importer(815301076,1909f56bfc062723c751e8b465ee728b)  -> (artifact id: '6a32f1dd4f11173cd48c4427a5eef54a') in 0.062852 seconds 
  Import took 0.065271 seconds .

========================================================================
Received Import Request.
  Time since last request: 99.093702 seconds.
  path: Assets/2Dpackage/Art/ruby.prefab
  artifactKey: Guid(31d0f230f89cfc744a59fbd478b80951) Importer(815301076,1909f56bfc062723c751e8b465ee728b)
Start importing Assets/2Dpackage/Art/ruby.prefab using Guid(31d0f230f89cfc744a59fbd478b80951) Importer(815301076,1909f56bfc062723c751e8b465ee728b)  -> (artifact id: '507be2d9f82e1c188cea56e15f7bc5b8') in 0.015706 seconds 
  Import took 0.019420 seconds .

========================================================================
Received Import Request.
  Time since last request: 98.503478 seconds.
  path: Assets/變色.anim
  artifactKey: Guid(c2191444dc208e7418669ddf97864018) Importer(815301076,1909f56bfc062723c751e8b465ee728b)
Start importing Assets/變色.anim using Guid(c2191444dc208e7418669ddf97864018) Importer(815301076,1909f56bfc062723c751e8b465ee728b)  -> (artifact id: 'beccc366f1ee981cf07eca0f0aad0467') in 0.008019 seconds 
  Import took 0.010942 seconds .

========================================================================
Received Import Request.
  Time since last request: 597.922660 seconds.
  path: Assets/2Dpackage/Art/Sprites/UI/CharacterPortrait.png
  artifactKey: Guid(e15de6f8d935253448ee4e7709bd216c) Importer(815301076,1909f56bfc062723c751e8b465ee728b)
Start importing Assets/2Dpackage/Art/Sprites/UI/CharacterPortrait.png using Guid(e15de6f8d935253448ee4e7709bd216c) Importer(815301076,1909f56bfc062723c751e8b465ee728b)  -> (artifact id: '8a1c13c3d03892439febbc27830c7bf0') in 0.016588 seconds 
  Import took 0.020358 seconds .

========================================================================
Received Import Request.
  Time since last request: 0.000243 seconds.
  path: Assets/2Dpackage/Art/Sprites/UI/UIBulletIcon.png
  artifactKey: Guid(ca4761f4dd286db43a54d88ad0eb63ba) Importer(815301076,1909f56bfc062723c751e8b465ee728b)
Start importing Assets/2Dpackage/Art/Sprites/UI/UIBulletIcon.png using Guid(ca4761f4dd286db43a54d88ad0eb63ba) Importer(815301076,1909f56bfc062723c751e8b465ee728b)  -> (artifact id: 'a351cf7712403f6f67788947b193aac9') in 0.016495 seconds 
  Import took 0.019265 seconds .

========================================================================
Received Import Request.
  Time since last request: 0.000251 seconds.
  path: Assets/2Dpackage/Art/Sprites/UI/UIHealthFrame.png
  artifactKey: Guid(94d1f28a5aa0ed94b8d3bd15086f4b63) Importer(815301076,1909f56bfc062723c751e8b465ee728b)
Start importing Assets/2Dpackage/Art/Sprites/UI/UIHealthFrame.png using Guid(94d1f28a5aa0ed94b8d3bd15086f4b63) Importer(815301076,1909f56bfc062723c751e8b465ee728b)  -> (artifact id: '85e7d0604fe913f07b91d929604f73cb') in 0.022796 seconds 
  Import took 0.025457 seconds .

========================================================================
Received Import Request.
  Time since last request: 0.000248 seconds.
  path: Assets/2Dpackage/Art/Sprites/UI/UIHealthBar.png
  artifactKey: Guid(06131b9172a2c144fbb98dd9cb53e741) Importer(815301076,1909f56bfc062723c751e8b465ee728b)
Start importing Assets/2Dpackage/Art/Sprites/UI/UIHealthBar.png using Guid(06131b9172a2c144fbb98dd9cb53e741) Importer(815301076,1909f56bfc062723c751e8b465ee728b)  -> (artifact id: '0d30e7eae350d8c9efdaec9db93987c1') in 0.017938 seconds 
  Import took 0.020766 seconds .

========================================================================
Received Import Request.
  Time since last request: 0.000234 seconds.
  path: Assets/2Dpackage/Art/Sprites/UI/NPCPortrait.png
  artifactKey: Guid(aa3e0837878604144b973aa396ea7dbd) Importer(815301076,1909f56bfc062723c751e8b465ee728b)
Start importing Assets/2Dpackage/Art/Sprites/UI/NPCPortrait.png using Guid(aa3e0837878604144b973aa396ea7dbd) Importer(815301076,1909f56bfc062723c751e8b465ee728b)  -> (artifact id: '860c36ef82da0980a3c23c5d326564d5') in 0.026422 seconds 
  Import took 0.028862 seconds .

========================================================================
Received Import Request.
  Time since last request: 0.000198 seconds.
  path: Assets/2Dpackage/Art/Sprites/UI/UIDialogueBox.png
  artifactKey: Guid(ce5afa1fa1b1e684098419a8455659b0) Importer(815301076,1909f56bfc062723c751e8b465ee728b)
Start importing Assets/2Dpackage/Art/Sprites/UI/UIDialogueBox.png using Guid(ce5afa1fa1b1e684098419a8455659b0) Importer(815301076,1909f56bfc062723c751e8b465ee728b)  -> (artifact id: 'd73d7eae97d4c166f11ee5a54215c9ce') in 0.014101 seconds 
  Import took 0.016978 seconds .

========================================================================
Received Import Request.
  Time since last request: 0.548041 seconds.
  path: Assets/2Dpackage/Art/Sprites/VFX/CogBullet.png
  artifactKey: Guid(c3bae526786f11046bdd2a781392a458) Importer(815301076,1909f56bfc062723c751e8b465ee728b)
Start importing Assets/2Dpackage/Art/Sprites/VFX/CogBullet.png using Guid(c3bae526786f11046bdd2a781392a458) Importer(815301076,1909f56bfc062723c751e8b465ee728b)  -> (artifact id: 'd94585f471bee741b5b3dd5bbb5805fa') in 0.015940 seconds 
  Import took 0.019398 seconds .

========================================================================
Received Import Request.
  Time since last request: 0.000261 seconds.
  path: Assets/2Dpackage/Art/Sprites/VFX/Shadow.png
  artifactKey: Guid(2473a1005c3459b479fdb52a47447363) Importer(815301076,1909f56bfc062723c751e8b465ee728b)
Start importing Assets/2Dpackage/Art/Sprites/VFX/Shadow.png using Guid(2473a1005c3459b479fdb52a47447363) Importer(815301076,1909f56bfc062723c751e8b465ee728b)  -> (artifact id: '46e96a75a83e987a782543fd9b0be177') in 0.011703 seconds 
  Import took 0.014545 seconds .

========================================================================
Received Import Request.
  Time since last request: 0.000286 seconds.
  path: Assets/2Dpackage/Art/Sprites/VFX/CollectibleAmmo.png
  artifactKey: Guid(d5ac0d76f419eaf4b88095579ba3ab35) Importer(815301076,1909f56bfc062723c751e8b465ee728b)
Start importing Assets/2Dpackage/Art/Sprites/VFX/CollectibleAmmo.png using Guid(d5ac0d76f419eaf4b88095579ba3ab35) Importer(815301076,1909f56bfc062723c751e8b465ee728b)  -> (artifact id: '4ed1a9e42e5852d47fe6da05fb5d0ef6') in 0.016280 seconds 
  Import took 0.019076 seconds .

========================================================================
Received Import Request.
  Time since last request: 0.000287 seconds.
  path: Assets/2Dpackage/Art/Sprites/VFX/CollectibleHealth.png
  artifactKey: Guid(00e89d1057578a342b22583144a5ee03) Importer(815301076,1909f56bfc062723c751e8b465ee728b)
Start importing Assets/2Dpackage/Art/Sprites/VFX/CollectibleHealth.png using Guid(00e89d1057578a342b22583144a5ee03) Importer(815301076,1909f56bfc062723c751e8b465ee728b)  -> (artifact id: '99ac054501982fecc6c646a546093a61') in 0.013211 seconds 
  Import took 0.016731 seconds .

========================================================================
Received Import Request.
  Time since last request: 0.000303 seconds.
  path: Assets/2Dpackage/Art/Sprites/VFX/ParticleSpriteAtlas.png
  artifactKey: Guid(bb5bb2f184426a64cac53faa220820f5) Importer(815301076,1909f56bfc062723c751e8b465ee728b)
Start importing Assets/2Dpackage/Art/Sprites/VFX/ParticleSpriteAtlas.png using Guid(bb5bb2f184426a64cac53faa220820f5) Importer(815301076,1909f56bfc062723c751e8b465ee728b)  -> (artifact id: 'bac4c61640519f0c2496989391d2f36c') in 0.012964 seconds 
  Import took 0.015783 seconds .

========================================================================
Received Import Request.
  Time since last request: 3.242401 seconds.
  path: Assets/Scripts/RubyMove.cs
  artifactKey: Guid(62a1fcb8a47452e41a051d560ba17610) Importer(815301076,1909f56bfc062723c751e8b465ee728b)
Start importing Assets/Scripts/RubyMove.cs using Guid(62a1fcb8a47452e41a051d560ba17610) Importer(815301076,1909f56bfc062723c751e8b465ee728b)  -> (artifact id: 'e6442549960350ca1f7711fe31c4f3a7') in 0.083239 seconds 
  Import took 0.086066 seconds .

========================================================================
Received Import Request.
  Time since last request: 217.838463 seconds.
  path: Assets/Scripts/gogogo.cs
  artifactKey: Guid(ec5488693cf998d4baaed49fca8cdad1) Importer(815301076,1909f56bfc062723c751e8b465ee728b)
Start importing Assets/Scripts/gogogo.cs using Guid(ec5488693cf998d4baaed49fca8cdad1) Importer(815301076,1909f56bfc062723c751e8b465ee728b)  -> (artifact id: 'ce6dfebf1ffb924818109df17dabdb56') in 0.005070 seconds 
  Import took 0.008498 seconds .

========================================================================
Received Prepare
Registering precompiled user dll's ...
Registered in 0.001933 seconds.
Begin MonoManager ReloadAssembly
Native extension for WindowsStandalone target not found
Native extension for WebGL target not found
Refreshing native plugins compatible for Editor in 0.43 ms, found 3 plugins.
Preloading 0 native plugins for Editor in 0.00 ms.
Mono: successfully reloaded assembly
- Completed reload, in  0.775 seconds
Domain Reload Profiling:
	ReloadAssembly (776ms)
		BeginReloadAssembly (98ms)
			ExecutionOrderSort (0ms)
			DisableScriptedObjects (5ms)
			BackupInstance (0ms)
			ReleaseScriptingObjects (0ms)
			CreateAndSetChildDomain (30ms)
		EndReloadAssembly (629ms)
			LoadAssemblies (67ms)
			RebuildTransferFunctionScriptingTraits (0ms)
			SetupTypeCache (219ms)
			ReleaseScriptCaches (1ms)
			RebuildScriptCaches (36ms)
			SetupLoadedEditorAssemblies (220ms)
				LogAssemblyErrors (0ms)
				InitializePlatformSupportModulesInManaged (5ms)
				SetLoadedEditorAssemblies (0ms)
				RefreshPlugins (0ms)
				BeforeProcessingInitializeOnLoad (44ms)
				ProcessInitializeOnLoadAttributes (162ms)
				ProcessInitializeOnLoadMethodAttributes (4ms)
				AfterProcessingInitializeOnLoad (3ms)
				EditorAssembliesLoaded (0ms)
			ExecutionOrderSort2 (0ms)
			AwakeInstancesAfterBackupRestoration (9ms)
Platform modules already initialized, skipping
Refreshing native plugins compatible for Editor in 0.37 ms, found 3 plugins.
Preloading 0 native plugins for Editor in 0.00 ms.
Unloading 2085 Unused Serialized files (Serialized files now loaded: 0)
System memory in use before: 95.9 MB.
System memory in use after: 96.0 MB.

Unloading 14 unused Assets to reduce memory usage. Loaded Objects now: 2567.
Total: 2.413500 ms (FindLiveObjects: 0.145400 ms CreateObjectMapping: 0.057000 ms MarkObjects: 2.198400 ms  DeleteObjects: 0.011800 ms)

AssetImportParameters requested are different than current active one (requested -> active):
  custom:framework-win-MediaFoundation: 216162199b28c13a410421893ffa2e32 -> 
  custom:video-decoder-ogg-theora: a1e56fd34408186e4bbccfd4996cb3dc -> 
  custom:container-muxer-webm: aa71ff27fc2769a1b78a27578f13a17b -> 
  custom:container-demuxer-webm: 4f35f7cbe854078d1ac9338744f61a02 -> 
  custom:container-demuxer-ogg: 62fdf1f143b41e24485cea50d1cbac27 -> 
  custom:video-encoder-webm-vp8: eb34c28f22e8b96e1ab97ce403110664 -> 
  custom:video-decoder-webm-vp8: 9c59270c3fd7afecdb556c50c9e8de78 -> 
  custom:audio-decoder-ogg-vorbis: bf7c407c2cedff20999df2af8eb42d56 -> 
  custom:audio-encoder-webm-vorbis: bf7c407c2cedff20999df2af8eb42d56 -> 
========================================================================
Received Import Request.
  Time since last request: 14.045141 seconds.
  path: Assets/Scripts/GoG.cs
  artifactKey: Guid(ec5488693cf998d4baaed49fca8cdad1) Importer(815301076,1909f56bfc062723c751e8b465ee728b)
Start importing Assets/Scripts/GoG.cs using Guid(ec5488693cf998d4baaed49fca8cdad1) Importer(815301076,1909f56bfc062723c751e8b465ee728b)  -> (artifact id: '69741984dfc77e8de6c1bf4a1001cf49') in 0.007662 seconds 
  Import took 0.010921 seconds .

========================================================================
Received Prepare
Registering precompiled user dll's ...
Registered in 0.001866 seconds.
Begin MonoManager ReloadAssembly
Native extension for WindowsStandalone target not found
Native extension for WebGL target not found
Refreshing native plugins compatible for Editor in 0.39 ms, found 3 plugins.
Preloading 0 native plugins for Editor in 0.00 ms.
Mono: successfully reloaded assembly
- Completed reload, in  0.761 seconds
Domain Reload Profiling:
	ReloadAssembly (761ms)
		BeginReloadAssembly (90ms)
			ExecutionOrderSort (0ms)
			DisableScriptedObjects (5ms)
			BackupInstance (0ms)
			ReleaseScriptingObjects (0ms)
			CreateAndSetChildDomain (27ms)
		EndReloadAssembly (624ms)
			LoadAssemblies (65ms)
			RebuildTransferFunctionScriptingTraits (0ms)
			SetupTypeCache (223ms)
			ReleaseScriptCaches (1ms)
			RebuildScriptCaches (33ms)
			SetupLoadedEditorAssemblies (220ms)
				LogAssemblyErrors (0ms)
				InitializePlatformSupportModulesInManaged (5ms)
				SetLoadedEditorAssemblies (0ms)
				RefreshPlugins (0ms)
				BeforeProcessingInitializeOnLoad (44ms)
				ProcessInitializeOnLoadAttributes (163ms)
				ProcessInitializeOnLoadMethodAttributes (4ms)
				AfterProcessingInitializeOnLoad (3ms)
				EditorAssembliesLoaded (0ms)
			ExecutionOrderSort2 (0ms)
			AwakeInstancesAfterBackupRestoration (8ms)
Platform modules already initialized, skipping
Refreshing native plugins compatible for Editor in 0.38 ms, found 3 plugins.
Preloading 0 native plugins for Editor in 0.00 ms.
Unloading 2085 Unused Serialized files (Serialized files now loaded: 0)
System memory in use before: 95.9 MB.
System memory in use after: 96.0 MB.

Unloading 14 unused Assets to reduce memory usage. Loaded Objects now: 2570.
Total: 2.589300 ms (FindLiveObjects: 0.137000 ms CreateObjectMapping: 0.053700 ms MarkObjects: 2.385200 ms  DeleteObjects: 0.012900 ms)

AssetImportParameters requested are different than current active one (requested -> active):
  custom:framework-win-MediaFoundation: 216162199b28c13a410421893ffa2e32 -> 
  custom:video-decoder-ogg-theora: a1e56fd34408186e4bbccfd4996cb3dc -> 
  custom:container-muxer-webm: aa71ff27fc2769a1b78a27578f13a17b -> 
  custom:container-demuxer-webm: 4f35f7cbe854078d1ac9338744f61a02 -> 
  custom:container-demuxer-ogg: 62fdf1f143b41e24485cea50d1cbac27 -> 
  custom:video-encoder-webm-vp8: eb34c28f22e8b96e1ab97ce403110664 -> 
  custom:video-decoder-webm-vp8: 9c59270c3fd7afecdb556c50c9e8de78 -> 
  custom:audio-decoder-ogg-vorbis: bf7c407c2cedff20999df2af8eb42d56 -> 
  custom:audio-encoder-webm-vorbis: bf7c407c2cedff20999df2af8eb42d56 -> 
========================================================================
Received Import Request.
  Time since last request: 9.814995 seconds.
  path: Assets/Scripts/GoGoGo.cs
  artifactKey: Guid(ec5488693cf998d4baaed49fca8cdad1) Importer(815301076,1909f56bfc062723c751e8b465ee728b)
Start importing Assets/Scripts/GoGoGo.cs using Guid(ec5488693cf998d4baaed49fca8cdad1) Importer(815301076,1909f56bfc062723c751e8b465ee728b)  -> (artifact id: 'b1acfce717f994666c3029b7c3f3f30e') in 0.007742 seconds 
  Import took 0.010512 seconds .

========================================================================
Received Prepare
Registering precompiled user dll's ...
Registered in 0.001809 seconds.
Begin MonoManager ReloadAssembly
Native extension for WindowsStandalone target not found
Native extension for WebGL target not found
Refreshing native plugins compatible for Editor in 0.39 ms, found 3 plugins.
Preloading 0 native plugins for Editor in 0.00 ms.
Mono: successfully reloaded assembly
- Completed reload, in  0.757 seconds
Domain Reload Profiling:
	ReloadAssembly (758ms)
		BeginReloadAssembly (83ms)
			ExecutionOrderSort (0ms)
			DisableScriptedObjects (5ms)
			BackupInstance (0ms)
			ReleaseScriptingObjects (0ms)
			CreateAndSetChildDomain (26ms)
		EndReloadAssembly (626ms)
			LoadAssemblies (65ms)
			RebuildTransferFunctionScriptingTraits (0ms)
			SetupTypeCache (221ms)
			ReleaseScriptCaches (1ms)
			RebuildScriptCaches (34ms)
			SetupLoadedEditorAssemblies (221ms)
				LogAssemblyErrors (0ms)
				InitializePlatformSupportModulesInManaged (5ms)
				SetLoadedEditorAssemblies (1ms)
				RefreshPlugins (0ms)
				BeforeProcessingInitializeOnLoad (46ms)
				ProcessInitializeOnLoadAttributes (161ms)
				ProcessInitializeOnLoadMethodAttributes (4ms)
				AfterProcessingInitializeOnLoad (3ms)
				EditorAssembliesLoaded (0ms)
			ExecutionOrderSort2 (0ms)
			AwakeInstancesAfterBackupRestoration (8ms)
Platform modules already initialized, skipping
Refreshing native plugins compatible for Editor in 0.37 ms, found 3 plugins.
Preloading 0 native plugins for Editor in 0.00 ms.
Unloading 2085 Unused Serialized files (Serialized files now loaded: 0)
System memory in use before: 95.9 MB.
System memory in use after: 96.1 MB.

Unloading 14 unused Assets to reduce memory usage. Loaded Objects now: 2573.
Total: 2.612600 ms (FindLiveObjects: 0.160300 ms CreateObjectMapping: 0.061600 ms MarkObjects: 2.376300 ms  DeleteObjects: 0.013600 ms)

AssetImportParameters requested are different than current active one (requested -> active):
  custom:framework-win-MediaFoundation: 216162199b28c13a410421893ffa2e32 -> 
  custom:video-decoder-ogg-theora: a1e56fd34408186e4bbccfd4996cb3dc -> 
  custom:container-muxer-webm: aa71ff27fc2769a1b78a27578f13a17b -> 
  custom:container-demuxer-webm: 4f35f7cbe854078d1ac9338744f61a02 -> 
  custom:container-demuxer-ogg: 62fdf1f143b41e24485cea50d1cbac27 -> 
  custom:video-encoder-webm-vp8: eb34c28f22e8b96e1ab97ce403110664 -> 
  custom:video-decoder-webm-vp8: 9c59270c3fd7afecdb556c50c9e8de78 -> 
  custom:audio-decoder-ogg-vorbis: bf7c407c2cedff20999df2af8eb42d56 -> 
  custom:audio-encoder-webm-vorbis: bf7c407c2cedff20999df2af8eb42d56 -> 
========================================================================
Received Import Request.
  Time since last request: 3443.295223 seconds.
  path: Assets/Scripts/GoGoGo.cs
  artifactKey: Guid(ec5488693cf998d4baaed49fca8cdad1) Importer(815301076,1909f56bfc062723c751e8b465ee728b)
Start importing Assets/Scripts/GoGoGo.cs using Guid(ec5488693cf998d4baaed49fca8cdad1) Importer(815301076,1909f56bfc062723c751e8b465ee728b)  -> (artifact id: 'b5ee84bbfbe5d1d954eb1609bfeac614') in 0.006746 seconds 
  Import took 0.010673 seconds .

========================================================================
Received Import Request.
  Time since last request: 64.250468 seconds.
  path: Assets/2Dpackage/Art/Sprites/Environmnent/Damageable.png
  artifactKey: Guid(0e15259342e82ee4f813807e5b28c0f3) Importer(815301076,1909f56bfc062723c751e8b465ee728b)
Start importing Assets/2Dpackage/Art/Sprites/Environmnent/Damageable.png using Guid(0e15259342e82ee4f813807e5b28c0f3) Importer(815301076,1909f56bfc062723c751e8b465ee728b)  -> (artifact id: 'c1d1df4daa1e7d116b1550cf7b5152fd') in 0.046744 seconds 
  Import took 0.049977 seconds .

========================================================================
Received Import Request.
  Time since last request: 0.000255 seconds.
  path: Assets/2Dpackage/Art/Sprites/Environmnent/DrainCover.png
  artifactKey: Guid(186979b672303144e9af33f5940487e6) Importer(815301076,1909f56bfc062723c751e8b465ee728b)
Start importing Assets/2Dpackage/Art/Sprites/Environmnent/DrainCover.png using Guid(186979b672303144e9af33f5940487e6) Importer(815301076,1909f56bfc062723c751e8b465ee728b)  -> (artifact id: '6b9d7d2e29df1759ec244ce3d8e76de7') in 0.019708 seconds 
  Import took 0.022510 seconds .

========================================================================
Received Import Request.
  Time since last request: 0.000216 seconds.
  path: Assets/2Dpackage/Art/Sprites/Environmnent/FloorBricksToGrassCorner.png
  artifactKey: Guid(2ff4c9799e22f1b4c95766cc11f47530) Importer(815301076,1909f56bfc062723c751e8b465ee728b)
Start importing Assets/2Dpackage/Art/Sprites/Environmnent/FloorBricksToGrassCorner.png using Guid(2ff4c9799e22f1b4c95766cc11f47530) Importer(815301076,1909f56bfc062723c751e8b465ee728b)  -> (artifact id: 'fcf6e3d96c14557b01a716dbc76214f9') in 0.041807 seconds 
  Import took 0.044269 seconds .

========================================================================
Received Import Request.
  Time since last request: 0.000202 seconds.
  path: Assets/2Dpackage/Art/Sprites/Environmnent/FloorGrassToBricksCorner.png
  artifactKey: Guid(df0b6f9e93b65bc4792e6cf7849c5e37) Importer(815301076,1909f56bfc062723c751e8b465ee728b)
Start importing Assets/2Dpackage/Art/Sprites/Environmnent/FloorGrassToBricksCorner.png using Guid(df0b6f9e93b65bc4792e6cf7849c5e37) Importer(815301076,1909f56bfc062723c751e8b465ee728b)  -> (artifact id: '829547d9f4f8699c2a923a35ee0f369d') in 0.042191 seconds 
  Import took 0.044646 seconds .

========================================================================
Received Import Request.
  Time since last request: 0.000204 seconds.
  path: Assets/2Dpackage/Art/Sprites/Environmnent/FloorWaterRoundCorners.png
  artifactKey: Guid(957383e82ad8601499ca4cac1dd1214a) Importer(815301076,1909f56bfc062723c751e8b465ee728b)
Start importing Assets/2Dpackage/Art/Sprites/Environmnent/FloorWaterRoundCorners.png using Guid(957383e82ad8601499ca4cac1dd1214a) Importer(815301076,1909f56bfc062723c751e8b465ee728b)  -> (artifact id: '41eb27c18b56a685c7b37cf495dbd19e') in 0.038206 seconds 
  Import took 0.040944 seconds .

========================================================================
Received Import Request.
  Time since last request: 0.000208 seconds.
  path: Assets/2Dpackage/Art/Sprites/Environmnent/Mushrooms.png
  artifactKey: Guid(6acbda5bb54c19b4eb60c2674048dac2) Importer(815301076,1909f56bfc062723c751e8b465ee728b)
Start importing Assets/2Dpackage/Art/Sprites/Environmnent/Mushrooms.png using Guid(6acbda5bb54c19b4eb60c2674048dac2) Importer(815301076,1909f56bfc062723c751e8b465ee728b)  -> (artifact id: 'df0f3b138143ae41da41ca0597eecb47') in 0.014412 seconds 
  Import took 0.017055 seconds .

========================================================================
Received Import Request.
  Time since last request: 0.000346 seconds.
  path: Assets/2Dpackage/Art/Sprites/Environmnent/House.png
  artifactKey: Guid(f27ebbf5c345352429b99a3dec7ae33e) Importer(815301076,1909f56bfc062723c751e8b465ee728b)
Start importing Assets/2Dpackage/Art/Sprites/Environmnent/House.png using Guid(f27ebbf5c345352429b99a3dec7ae33e) Importer(815301076,1909f56bfc062723c751e8b465ee728b)  -> (artifact id: '2e29c7e5edb34a17365e6fce8757c990') in 0.030504 seconds 
  Import took 0.033386 seconds .

========================================================================
Received Import Request.
  Time since last request: 0.000210 seconds.
  path: Assets/2Dpackage/Art/Sprites/Environmnent/LotusFlower.png
  artifactKey: Guid(010b5c856073f70428956b10534fd3a6) Importer(815301076,1909f56bfc062723c751e8b465ee728b)
Start importing Assets/2Dpackage/Art/Sprites/Environmnent/LotusFlower.png using Guid(010b5c856073f70428956b10534fd3a6) Importer(815301076,1909f56bfc062723c751e8b465ee728b)  -> (artifact id: '4667ca867faca4056929733346d5897b') in 0.015811 seconds 
  Import took 0.018337 seconds .

========================================================================
Received Import Request.
  Time since last request: 0.000235 seconds.
  path: Assets/2Dpackage/Art/Sprites/Environmnent/FloorBricksToGrassSquare.png
  artifactKey: Guid(2e6ecdf01ba70e3489b17b3f6525fec2) Importer(815301076,1909f56bfc062723c751e8b465ee728b)
Start importing Assets/2Dpackage/Art/Sprites/Environmnent/FloorBricksToGrassSquare.png using Guid(2e6ecdf01ba70e3489b17b3f6525fec2) Importer(815301076,1909f56bfc062723c751e8b465ee728b)  -> (artifact id: '7be1358bd2aa92dc252ecab52b0d58af') in 0.034918 seconds 
  Import took 0.037489 seconds .

========================================================================
Received Import Request.
  Time since last request: 0.000207 seconds.
  path: Assets/2Dpackage/Art/Sprites/Environmnent/MetalCube.png
  artifactKey: Guid(b9244d299d06eea4fa3e8b8b6da46af5) Importer(815301076,1909f56bfc062723c751e8b465ee728b)
Start importing Assets/2Dpackage/Art/Sprites/Environmnent/MetalCube.png using Guid(b9244d299d06eea4fa3e8b8b6da46af5) Importer(815301076,1909f56bfc062723c751e8b465ee728b)  -> (artifact id: '5ece24c9a87a64be4e650d12220848e9') in 0.012899 seconds 
  Import took 0.015449 seconds .

========================================================================
Received Import Request.
  Time since last request: 0.000236 seconds.
  path: Assets/2Dpackage/Art/Sprites/Environmnent/TreeForeground.png
  artifactKey: Guid(e059f0fb3f4af3e47b60d322bf43a7d6) Importer(815301076,1909f56bfc062723c751e8b465ee728b)
Start importing Assets/2Dpackage/Art/Sprites/Environmnent/TreeForeground.png using Guid(e059f0fb3f4af3e47b60d322bf43a7d6) Importer(815301076,1909f56bfc062723c751e8b465ee728b)  -> (artifact id: '72101e5ec88874fdbe0ad8eb8309d8ef') in 0.014419 seconds 
  Import took 0.017091 seconds .

========================================================================
Received Import Request.
  Time since last request: 0.000237 seconds.
  path: Assets/2Dpackage/Art/Sprites/Environmnent/TreeBig2.png
  artifactKey: Guid(36d4547ce489e7041990fd8545a07142) Importer(815301076,1909f56bfc062723c751e8b465ee728b)
Start importing Assets/2Dpackage/Art/Sprites/Environmnent/TreeBig2.png using Guid(36d4547ce489e7041990fd8545a07142) Importer(815301076,1909f56bfc062723c751e8b465ee728b)  -> (artifact id: 'de9b9dfd7f43ac6c0a74a908b0c197e3') in 0.019964 seconds 
  Import took 0.022584 seconds .

========================================================================
Received Import Request.
  Time since last request: 0.000260 seconds.
  path: Assets/2Dpackage/Art/Sprites/Environmnent/TreeLittle.png
  artifactKey: Guid(87d9eec357f7dc14286677f38287ad9e) Importer(815301076,1909f56bfc062723c751e8b465ee728b)
Start importing Assets/2Dpackage/Art/Sprites/Environmnent/TreeLittle.png using Guid(87d9eec357f7dc14286677f38287ad9e) Importer(815301076,1909f56bfc062723c751e8b465ee728b)  -> (artifact id: '72dcd59883150fc38178d3843ddfecb2') in 0.013967 seconds 
  Import took 0.016739 seconds .

========================================================================
Received Import Request.
  Time since last request: 0.000222 seconds.
  path: Assets/2Dpackage/Art/Sprites/Environmnent/TelegraphPost.png
  artifactKey: Guid(28b3c26f6746b7943aa1168e3c52c292) Importer(815301076,1909f56bfc062723c751e8b465ee728b)
Start importing Assets/2Dpackage/Art/Sprites/Environmnent/TelegraphPost.png using Guid(28b3c26f6746b7943aa1168e3c52c292) Importer(815301076,1909f56bfc062723c751e8b465ee728b)  -> (artifact id: '8720f130f4810af1014c71665d2de57d') in 0.016471 seconds 
  Import took 0.019531 seconds .

========================================================================
Received Import Request.
  Time since last request: 0.000349 seconds.
  path: Assets/2Dpackage/Art/Sprites/Environmnent/TreeBig1.png
  artifactKey: Guid(f0cd5ad89953643408db63f9a8c50027) Importer(815301076,1909f56bfc062723c751e8b465ee728b)
Start importing Assets/2Dpackage/Art/Sprites/Environmnent/TreeBig1.png using Guid(f0cd5ad89953643408db63f9a8c50027) Importer(815301076,1909f56bfc062723c751e8b465ee728b)  -> (artifact id: 'd586d7d9ca00ec67d2c2ea681ffcf5b2') in 0.013403 seconds 
  Import took 0.016295 seconds .

========================================================================
Received Import Request.
  Time since last request: 0.000279 seconds.
  path: Assets/2Dpackage/Art/Sprites/Environmnent/TreeShadow.png
  artifactKey: Guid(8640aa53d8475c5409471adcb65826a5) Importer(815301076,1909f56bfc062723c751e8b465ee728b)
Start importing Assets/2Dpackage/Art/Sprites/Environmnent/TreeShadow.png using Guid(8640aa53d8475c5409471adcb65826a5) Importer(815301076,1909f56bfc062723c751e8b465ee728b)  -> (artifact id: '58a6c90b296a5f62ead5244fa8ca3d37') in 0.013925 seconds 
  Import took 0.016805 seconds .

========================================================================
Received Import Request.
  Time since last request: 0.000233 seconds.
  path: Assets/2Dpackage/Art/Sprites/Environmnent/FloorGrassToBricksSquare.png
  artifactKey: Guid(ae39c96545143eb41b1618200a550c81) Importer(815301076,1909f56bfc062723c751e8b465ee728b)
Start importing Assets/2Dpackage/Art/Sprites/Environmnent/FloorGrassToBricksSquare.png using Guid(ae39c96545143eb41b1618200a550c81) Importer(815301076,1909f56bfc062723c751e8b465ee728b)  -> (artifact id: '5ff98d3ed7c8c4e75bc066b7b0e9bb77') in 0.038731 seconds 
  Import took 0.041415 seconds .

========================================================================
Received Import Request.
  Time since last request: 0.000203 seconds.
  path: Assets/2Dpackage/Art/Sprites/Environmnent/FloorWaterSquareCorners.png
  artifactKey: Guid(56dfe645f43c419458abb426118088e5) Importer(815301076,1909f56bfc062723c751e8b465ee728b)
Start importing Assets/2Dpackage/Art/Sprites/Environmnent/FloorWaterSquareCorners.png using Guid(56dfe645f43c419458abb426118088e5) Importer(815301076,1909f56bfc062723c751e8b465ee728b)  -> (artifact id: '378a15f368ebc4ac158538d64a708c10') in 0.036162 seconds 
  Import took 0.038628 seconds .

========================================================================
Received Import Request.
  Time since last request: 0.000208 seconds.
  path: Assets/2Dpackage/Art/Sprites/Environmnent/GrassSmall.png
  artifactKey: Guid(8f629954bb45aa74a8bf21f8e6b95975) Importer(815301076,1909f56bfc062723c751e8b465ee728b)
Start importing Assets/2Dpackage/Art/Sprites/Environmnent/GrassSmall.png using Guid(8f629954bb45aa74a8bf21f8e6b95975) Importer(815301076,1909f56bfc062723c751e8b465ee728b)  -> (artifact id: '6e651769e47db14a84cfa8c239dff7d4') in 0.014148 seconds 
  Import took 0.016819 seconds .

========================================================================
Received Import Request.
  Time since last request: 0.000349 seconds.
  path: Assets/2Dpackage/Art/Sprites/Environmnent/TreeBig3.png
  artifactKey: Guid(1d50d21b43458424aa7759b50224c034) Importer(815301076,1909f56bfc062723c751e8b465ee728b)
Start importing Assets/2Dpackage/Art/Sprites/Environmnent/TreeBig3.png using Guid(1d50d21b43458424aa7759b50224c034) Importer(815301076,1909f56bfc062723c751e8b465ee728b)  -> (artifact id: 'c873b94679295c0cf3cf9a4d96269994') in 0.014672 seconds 
  Import took 0.017604 seconds .

========================================================================
Received Import Request.
  Time since last request: 527.357067 seconds.
  path: Assets/Ruby.prefab
  artifactKey: Guid(fe087f02acb180441b4a171eaf2de7a9) Importer(815301076,1909f56bfc062723c751e8b465ee728b)
Start importing Assets/Ruby.prefab using Guid(fe087f02acb180441b4a171eaf2de7a9) Importer(815301076,1909f56bfc062723c751e8b465ee728b)  -> (artifact id: 'e7704f7cc208d16ac056c7c539918d80') in 0.033480 seconds 
  Import took 0.037279 seconds .

========================================================================
Received Import Request.
  Time since last request: 602.939197 seconds.
  path: Assets/Scripts/DDDDDDD.cs
  artifactKey: Guid(7c04010d846a8474f86203df629b899c) Importer(815301076,1909f56bfc062723c751e8b465ee728b)
Start importing Assets/Scripts/DDDDDDD.cs using Guid(7c04010d846a8474f86203df629b899c) Importer(815301076,1909f56bfc062723c751e8b465ee728b)  -> (artifact id: '1ab135f289d3c646a0cee7443afb53ea') in 0.005121 seconds 
  Import took 0.008462 seconds .

========================================================================
Received Import Request.
  Time since last request: 63.487431 seconds.
  path: Assets/Scripts/DDDDDDD.cs
  artifactKey: Guid(7c04010d846a8474f86203df629b899c) Importer(815301076,1909f56bfc062723c751e8b465ee728b)
Start importing Assets/Scripts/DDDDDDD.cs using Guid(7c04010d846a8474f86203df629b899c) Importer(815301076,1909f56bfc062723c751e8b465ee728b)  -> (artifact id: '32377beab9ebf28c324e14effb047510') in 0.001938 seconds 
  Import took 0.004840 seconds .

========================================================================
Received Import Request.
  Time since last request: 62.486535 seconds.
  path: Assets/Scripts/DDDDDDD.cs
  artifactKey: Guid(7c04010d846a8474f86203df629b899c) Importer(815301076,1909f56bfc062723c751e8b465ee728b)
Start importing Assets/Scripts/DDDDDDD.cs using Guid(7c04010d846a8474f86203df629b899c) Importer(815301076,1909f56bfc062723c751e8b465ee728b)  -> (artifact id: 'd639f2699dd1ba27029d28c378691147') in 0.001836 seconds 
  Import took 0.004498 seconds .

AssetImportWorkerClient::OnTransportError - code=2 error=End of file
