Using pre-set license
Built from '2020.3/staging' branch; Version is '2020.3.18f1 (a7d1c678663c) revision 10998214'; Using compiler version '192528614'; Build Type 'Release'
OS: 'Windows 10 Home; OS build 19042.1237; Version 2009; 64bit' Language: 'zh' Physical Memory: 3973 MB
BatchMode: 1, IsHumanControllingUs: 0, StartBugReporterOnCrash: 0, Is64bit: 1, IsPro: 0

COMMAND LINE ARGUMENTS:
C:\Program Files\Unity\Hub\Editor\2020.3.18f1\Editor\Unity.exe
-adb2
-batchMode
-noUpm
-name
AssetImportWorker0
-projectPath
C:/Users/schen/Desktop/New2Dgame/New2DGame
-logFile
Logs/AssetImportWorker0.log
-srvPort
60216
Successfully changed project path to: C:/Users/schen/Desktop/New2Dgame/New2DGame
C:/Users/schen/Desktop/New2Dgame/New2DGame
Using Asset Import Pipeline V2.
Refreshing native plugins compatible for Editor in 187.99 ms, found 3 plugins.
Preloading 0 native plugins for Editor in 0.00 ms.
Initialize engine version: 2020.3.18f1 (a7d1c678663c)
[Subsystems] Discovering subsystems at path C:/Program Files/Unity/Hub/Editor/2020.3.18f1/Editor/Data/Resources/UnitySubsystems
[Subsystems] Discovering subsystems at path C:/Users/schen/Desktop/New2Dgame/New2DGame/Assets
GfxDevice: creating device client; threaded=0
Direct3D:
    Version:  Direct3D 11.0 [level 11.1]
    Renderer: NVIDIA GeForce MX150 (ID=0x1d10)
    Vendor:   
    VRAM:     1983 MB
    Driver:   23.21.13.9125
Initialize mono
Mono path[0] = 'C:/Program Files/Unity/Hub/Editor/2020.3.18f1/Editor/Data/Managed'
Mono path[1] = 'C:/Program Files/Unity/Hub/Editor/2020.3.18f1/Editor/Data/MonoBleedingEdge/lib/mono/unityjit'
Mono config path = 'C:/Program Files/Unity/Hub/Editor/2020.3.18f1/Editor/Data/MonoBleedingEdge/etc'
Using monoOptions --debugger-agent=transport=dt_socket,embedding=1,server=y,suspend=n,address=127.0.0.1:56404
Begin MonoManager ReloadAssembly
Registering precompiled unity dll's ...
Register platform support module: C:/Program Files/Unity/Hub/Editor/2020.3.18f1/Editor/Data/PlaybackEngines/WebGLSupport/UnityEditor.WebGL.Extensions.dll
Register platform support module: C:/Program Files/Unity/Hub/Editor/2020.3.18f1/Editor/Data/PlaybackEngines/WindowsStandaloneSupport/UnityEditor.WindowsStandalone.Extensions.dll
Registered in 0.009119 seconds.
Native extension for WindowsStandalone target not found
Native extension for WebGL target not found
Refreshing native plugins compatible for Editor in 89.76 ms, found 3 plugins.
Preloading 0 native plugins for Editor in 0.00 ms.
Mono: successfully reloaded assembly
- Completed reload, in  8.277 seconds
Domain Reload Profiling:
	ReloadAssembly (8278ms)
		BeginReloadAssembly (195ms)
			ExecutionOrderSort (0ms)
			DisableScriptedObjects (0ms)
			BackupInstance (0ms)
			ReleaseScriptingObjects (0ms)
			CreateAndSetChildDomain (2ms)
		EndReloadAssembly (928ms)
			LoadAssemblies (183ms)
			RebuildTransferFunctionScriptingTraits (1ms)
			SetupTypeCache (317ms)
			ReleaseScriptCaches (0ms)
			RebuildScriptCaches (58ms)
			SetupLoadedEditorAssemblies (382ms)
				LogAssemblyErrors (0ms)
				InitializePlatformSupportModulesInManaged (11ms)
				SetLoadedEditorAssemblies (0ms)
				RefreshPlugins (90ms)
				BeforeProcessingInitializeOnLoad (41ms)
				ProcessInitializeOnLoadAttributes (169ms)
				ProcessInitializeOnLoadMethodAttributes (67ms)
				AfterProcessingInitializeOnLoad (0ms)
				EditorAssembliesLoaded (2ms)
			ExecutionOrderSort2 (0ms)
			AwakeInstancesAfterBackupRestoration (0ms)
Platform modules already initialized, skipping
Registering precompiled user dll's ...
Registered in 0.024420 seconds.
Begin MonoManager ReloadAssembly
Native extension for WindowsStandalone target not found
Native extension for WebGL target not found
Refreshing native plugins compatible for Editor in 89.72 ms, found 3 plugins.
Preloading 0 native plugins for Editor in 0.00 ms.
Mono: successfully reloaded assembly
- Completed reload, in  2.484 seconds
Domain Reload Profiling:
	ReloadAssembly (2487ms)
		BeginReloadAssembly (304ms)
			ExecutionOrderSort (0ms)
			DisableScriptedObjects (8ms)
			BackupInstance (0ms)
			ReleaseScriptingObjects (0ms)
			CreateAndSetChildDomain (34ms)
		EndReloadAssembly (2027ms)
			LoadAssemblies (282ms)
			RebuildTransferFunctionScriptingTraits (0ms)
			SetupTypeCache (664ms)
			ReleaseScriptCaches (1ms)
			RebuildScriptCaches (87ms)
			SetupLoadedEditorAssemblies (753ms)
				LogAssemblyErrors (0ms)
				InitializePlatformSupportModulesInManaged (10ms)
				SetLoadedEditorAssemblies (0ms)
				RefreshPlugins (90ms)
				BeforeProcessingInitializeOnLoad (171ms)
				ProcessInitializeOnLoadAttributes (432ms)
				ProcessInitializeOnLoadMethodAttributes (26ms)
				AfterProcessingInitializeOnLoad (24ms)
				EditorAssembliesLoaded (0ms)
			ExecutionOrderSort2 (0ms)
			AwakeInstancesAfterBackupRestoration (13ms)
Platform modules already initialized, skipping
========================================================================
Worker process is ready to serve import requests
Launched and connected shader compiler UnityShaderCompiler.exe after 0.11 seconds
Refreshing native plugins compatible for Editor in 0.95 ms, found 3 plugins.
Preloading 0 native plugins for Editor in 0.00 ms.
Unloading 2094 Unused Serialized files (Serialized files now loaded: 0)
System memory in use before: 93.1 MB.
System memory in use after: 93.2 MB.

Unloading 26 unused Assets to reduce memory usage. Loaded Objects now: 2533.
Total: 9.005600 ms (FindLiveObjects: 0.488900 ms CreateObjectMapping: 0.198800 ms MarkObjects: 8.165100 ms  DeleteObjects: 0.149200 ms)

AssetImportParameters requested are different than current active one (requested -> active):
  custom:framework-win-MediaFoundation: 216162199b28c13a410421893ffa2e32 -> 
  custom:video-decoder-ogg-theora: a1e56fd34408186e4bbccfd4996cb3dc -> 
  custom:container-muxer-webm: aa71ff27fc2769a1b78a27578f13a17b -> 
  custom:container-demuxer-webm: 4f35f7cbe854078d1ac9338744f61a02 -> 
  custom:container-demuxer-ogg: 62fdf1f143b41e24485cea50d1cbac27 -> 
  custom:video-encoder-webm-vp8: eb34c28f22e8b96e1ab97ce403110664 -> 
  custom:video-codec-MediaFoundation-h265: 746d11721c4dcdbdad8f713fa42b33f4 -> 
  custom:video-decoder-webm-vp8: 9c59270c3fd7afecdb556c50c9e8de78 -> 
  custom:audio-decoder-ogg-vorbis: bf7c407c2cedff20999df2af8eb42d56 -> 
  custom:audio-encoder-webm-vorbis: bf7c407c2cedff20999df2af8eb42d56 -> 
========================================================================
Received Import Request.
  path: Assets/調色盤/FloorGrassToBricksSquare_7.asset
  artifactKey: Guid(ef776a1b2d7ad9a489cb05928f1e2c85) Importer(815301076,1909f56bfc062723c751e8b465ee728b)
Start importing Assets/調色盤/FloorGrassToBricksSquare_7.asset using Guid(ef776a1b2d7ad9a489cb05928f1e2c85) Importer(815301076,1909f56bfc062723c751e8b465ee728b)  -> (artifact id: '4276f9d6b575d25338dc9111350ecdb7') in 0.220664 seconds 
  Import took 0.230632 seconds .

========================================================================
Received Import Request.
  Time since last request: 0.001028 seconds.
  path: Assets/調色盤/FloorGrassToBricksCorner_5.asset
  artifactKey: Guid(4d9799b552578b245b7f500aba8ab3b4) Importer(815301076,1909f56bfc062723c751e8b465ee728b)
Start importing Assets/調色盤/FloorGrassToBricksCorner_5.asset using Guid(4d9799b552578b245b7f500aba8ab3b4) Importer(815301076,1909f56bfc062723c751e8b465ee728b)  -> (artifact id: '8bb080839462ed744e64584209910fac') in 0.033862 seconds 
  Import took 0.045119 seconds .

========================================================================
Received Import Request.
  Time since last request: 0.000910 seconds.
  path: Assets/調色盤/FloorBricksToGrassSquare_3.asset
  artifactKey: Guid(90174bd4ccf18b44e9127ca5bd2d8af0) Importer(815301076,1909f56bfc062723c751e8b465ee728b)
Start importing Assets/調色盤/FloorBricksToGrassSquare_3.asset using Guid(90174bd4ccf18b44e9127ca5bd2d8af0) Importer(815301076,1909f56bfc062723c751e8b465ee728b)  -> (artifact id: '54cfddc5b07df0eba1fd7f0624c4f8ba') in 0.035672 seconds 
  Import took 0.042964 seconds .

========================================================================
Received Import Request.
  Time since last request: 0.002172 seconds.
  path: Assets/調色盤/FloorBricksToGrassSquare_0.asset
  artifactKey: Guid(8ca08dd9e524dd84e869ad5d2cb3aa57) Importer(815301076,1909f56bfc062723c751e8b465ee728b)
Start importing Assets/調色盤/FloorBricksToGrassSquare_0.asset using Guid(8ca08dd9e524dd84e869ad5d2cb3aa57) Importer(815301076,1909f56bfc062723c751e8b465ee728b)  -> (artifact id: '8cea80962be3339c098fafe0d50ec5dd') in 0.031706 seconds 
  Import took 0.041108 seconds .

========================================================================
Received Import Request.
  Time since last request: 0.000419 seconds.
  path: Assets/調色盤/FloorGrassToBricksSquare_5.asset
  artifactKey: Guid(25b23c96c73338f42877b5a1657b1df3) Importer(815301076,1909f56bfc062723c751e8b465ee728b)
Start importing Assets/調色盤/FloorGrassToBricksSquare_5.asset using Guid(25b23c96c73338f42877b5a1657b1df3) Importer(815301076,1909f56bfc062723c751e8b465ee728b)  -> (artifact id: '5caf6ee39a0c999b15a4cb29f4519edf') in 0.031356 seconds 
  Import took 0.041327 seconds .

========================================================================
Received Import Request.
  Time since last request: 0.000383 seconds.
  path: Assets/調色盤/FloorBricksToGrassSquare_4.asset
  artifactKey: Guid(167820c134d593745ac9abdd5a0e1dc5) Importer(815301076,1909f56bfc062723c751e8b465ee728b)
Start importing Assets/調色盤/FloorBricksToGrassSquare_4.asset using Guid(167820c134d593745ac9abdd5a0e1dc5) Importer(815301076,1909f56bfc062723c751e8b465ee728b)  -> (artifact id: 'fcaf5e7d4fe921774d57b55eaa720680') in 0.025955 seconds 
  Import took 0.034083 seconds .

========================================================================
Received Import Request.
  Time since last request: 0.000855 seconds.
  path: Assets/調色盤/FloorGrassToBricksSquare_0.asset
  artifactKey: Guid(b63bba47abd76894a995e60edfc910a4) Importer(815301076,1909f56bfc062723c751e8b465ee728b)
Start importing Assets/調色盤/FloorGrassToBricksSquare_0.asset using Guid(b63bba47abd76894a995e60edfc910a4) Importer(815301076,1909f56bfc062723c751e8b465ee728b)  -> (artifact id: 'a8fc8c5907eedeeb5c0f994ed7399659') in 0.028593 seconds 
  Import took 0.035567 seconds .

========================================================================
Received Import Request.
  Time since last request: 0.001008 seconds.
  path: Assets/調色盤/FloorGrassToBricksCorner_3.asset
  artifactKey: Guid(987e7cc55fb724345953c160fc095da2) Importer(815301076,1909f56bfc062723c751e8b465ee728b)
Start importing Assets/調色盤/FloorGrassToBricksCorner_3.asset using Guid(987e7cc55fb724345953c160fc095da2) Importer(815301076,1909f56bfc062723c751e8b465ee728b)  -> (artifact id: '0e371a9be6b197969fa1668fc876f375') in 0.041624 seconds 
  Import took 0.049521 seconds .

========================================================================
Received Import Request.
  Time since last request: 0.000420 seconds.
  path: Assets/調色盤/FloorBricksToGrassCorner_2.asset
  artifactKey: Guid(166eac03f67ca3c4dbf823e44aace4a9) Importer(815301076,1909f56bfc062723c751e8b465ee728b)
Start importing Assets/調色盤/FloorBricksToGrassCorner_2.asset using Guid(166eac03f67ca3c4dbf823e44aace4a9) Importer(815301076,1909f56bfc062723c751e8b465ee728b)  -> (artifact id: '83985eccf5adebce3b66d12fd9ffcbe5') in 0.032609 seconds 
  Import took 0.042263 seconds .

========================================================================
Received Import Request.
  Time since last request: 0.000751 seconds.
  path: Assets/調色盤/FloorBricksToGrassSquare_1.asset
  artifactKey: Guid(b52ac2cd9d6a43948a2b065b86c56f28) Importer(815301076,1909f56bfc062723c751e8b465ee728b)
Start importing Assets/調色盤/FloorBricksToGrassSquare_1.asset using Guid(b52ac2cd9d6a43948a2b065b86c56f28) Importer(815301076,1909f56bfc062723c751e8b465ee728b)  -> (artifact id: '839f2acb144f4bf5c942121d14d4348a') in 0.031617 seconds 
  Import took 0.039462 seconds .

========================================================================
Received Import Request.
  Time since last request: 0.000975 seconds.
  path: Assets/調色盤/FloorGrassToBricksSquare_8.asset
  artifactKey: Guid(80262903021b7fb4cb068c464fc664f1) Importer(815301076,1909f56bfc062723c751e8b465ee728b)
Start importing Assets/調色盤/FloorGrassToBricksSquare_8.asset using Guid(80262903021b7fb4cb068c464fc664f1) Importer(815301076,1909f56bfc062723c751e8b465ee728b)  -> (artifact id: '25981b64c18f54fe0488e7484cf0b953') in 0.032347 seconds 
  Import took 0.039434 seconds .

========================================================================
Received Import Request.
  Time since last request: 0.001365 seconds.
  path: Assets/調色盤/FloorGrassToBricksSquare_4.asset
  artifactKey: Guid(0cb701a82cc4882479ecc94757120603) Importer(815301076,1909f56bfc062723c751e8b465ee728b)
Start importing Assets/調色盤/FloorGrassToBricksSquare_4.asset using Guid(0cb701a82cc4882479ecc94757120603) Importer(815301076,1909f56bfc062723c751e8b465ee728b)  -> (artifact id: '239bdf79d2b6c2877d606bc4bd2a5fae') in 0.027589 seconds 
  Import took 0.036418 seconds .

========================================================================
Received Import Request.
  Time since last request: 0.000392 seconds.
  path: Assets/調色盤/FloorBricksToGrassCorner_3.asset
  artifactKey: Guid(7ff27a28aee67734581e4e8986bd5b53) Importer(815301076,1909f56bfc062723c751e8b465ee728b)
Start importing Assets/調色盤/FloorBricksToGrassCorner_3.asset using Guid(7ff27a28aee67734581e4e8986bd5b53) Importer(815301076,1909f56bfc062723c751e8b465ee728b)  -> (artifact id: '00c6f6adf4ab3a5d3b80d6fd532786a1') in 0.031048 seconds 
  Import took 0.038757 seconds .

========================================================================
Received Import Request.
  Time since last request: 0.001324 seconds.
  path: Assets/調色盤/FloorGrassToBricksCorner_0.asset
  artifactKey: Guid(88935814a9b443b4a88f09d1766a00a8) Importer(815301076,1909f56bfc062723c751e8b465ee728b)
Start importing Assets/調色盤/FloorGrassToBricksCorner_0.asset using Guid(88935814a9b443b4a88f09d1766a00a8) Importer(815301076,1909f56bfc062723c751e8b465ee728b)  -> (artifact id: '0a80b8ed9e42b8860aacab862b8cd506') in 0.026842 seconds 
  Import took 0.035549 seconds .

========================================================================
Received Import Request.
  Time since last request: 0.000528 seconds.
  path: Assets/調色盤/FloorBricksToGrassSquare_8.asset
  artifactKey: Guid(4c6434fd523771f46a9dd7c369683906) Importer(815301076,1909f56bfc062723c751e8b465ee728b)
Start importing Assets/調色盤/FloorBricksToGrassSquare_8.asset using Guid(4c6434fd523771f46a9dd7c369683906) Importer(815301076,1909f56bfc062723c751e8b465ee728b)  -> (artifact id: '76c5ad6b4f4d85d8b4be9567bb04fe1d') in 0.028543 seconds 
  Import took 0.039903 seconds .

========================================================================
Received Import Request.
  Time since last request: 0.000391 seconds.
  path: Assets/調色盤/FloorBricksToGrassCorner_6.asset
  artifactKey: Guid(4d901a83e921b3247a7cc33cba87e2b8) Importer(815301076,1909f56bfc062723c751e8b465ee728b)
Start importing Assets/調色盤/FloorBricksToGrassCorner_6.asset using Guid(4d901a83e921b3247a7cc33cba87e2b8) Importer(815301076,1909f56bfc062723c751e8b465ee728b)  -> (artifact id: '3e368e10fadc79219faf2fbd3ef3db8c') in 0.029856 seconds 
  Import took 0.039313 seconds .

========================================================================
Received Import Request.
  Time since last request: 0.000848 seconds.
  path: Assets/2Dpackage/Audio/Player Hit.wav
  artifactKey: Guid(9b1bb1f450b7d444fa4a8019d13519a7) Importer(815301076,1909f56bfc062723c751e8b465ee728b)
Start importing Assets/2Dpackage/Audio/Player Hit.wav using Guid(9b1bb1f450b7d444fa4a8019d13519a7) Importer(815301076,1909f56bfc062723c751e8b465ee728b)  -> (artifact id: 'dbf115755ea15c0be5035df6be0b356c') in 0.212759 seconds 
  Import took 0.221640 seconds .

========================================================================
Received Import Request.
  Time since last request: 0.000398 seconds.
  path: Assets/2Dpackage/Audio/Quest Complete.wav
  artifactKey: Guid(f987bfc0b774d3f4e82dc47e91f78584) Importer(815301076,1909f56bfc062723c751e8b465ee728b)
Start importing Assets/2Dpackage/Audio/Quest Complete.wav using Guid(f987bfc0b774d3f4e82dc47e91f78584) Importer(815301076,1909f56bfc062723c751e8b465ee728b)  -> (artifact id: 'f0846413c6b008a6b902a179d030b92a') in 0.142560 seconds 
  Import took 0.150703 seconds .

========================================================================
Received Import Request.
  Time since last request: 0.000472 seconds.
  path: Assets/調色盤/FloorBricksToGrassCorner_0.asset
  artifactKey: Guid(2c5643c3cd87424428ec4dfe17a6b373) Importer(815301076,1909f56bfc062723c751e8b465ee728b)
Start importing Assets/調色盤/FloorBricksToGrassCorner_0.asset using Guid(2c5643c3cd87424428ec4dfe17a6b373) Importer(815301076,1909f56bfc062723c751e8b465ee728b)  -> (artifact id: 'c6451a2631d9123be7c6a7b3000a0ebe') in 0.067332 seconds 
  Import took 0.084252 seconds .

========================================================================
Received Import Request.
  Time since last request: 0.000558 seconds.
  path: Assets/調色盤/FloorWaterRoundCorners_1.asset
  artifactKey: Guid(be78882ae3152bf4f9280204452a15ce) Importer(815301076,1909f56bfc062723c751e8b465ee728b)
Start importing Assets/調色盤/FloorWaterRoundCorners_1.asset using Guid(be78882ae3152bf4f9280204452a15ce) Importer(815301076,1909f56bfc062723c751e8b465ee728b)  -> (artifact id: 'bfbbbdda5323076f78e77938c7300abc') in 0.082800 seconds 
  Import took 0.096673 seconds .

========================================================================
Received Import Request.
  Time since last request: 0.000828 seconds.
  path: Assets/2Dpackage/Audio/Robot Walking_Broken.wav
  artifactKey: Guid(6bfbad8ffdf387d4e87e8fa07b62f7c1) Importer(815301076,1909f56bfc062723c751e8b465ee728b)
Start importing Assets/2Dpackage/Audio/Robot Walking_Broken.wav using Guid(6bfbad8ffdf387d4e87e8fa07b62f7c1) Importer(815301076,1909f56bfc062723c751e8b465ee728b)  -> (artifact id: 'dbfa0ace83d0fe2fbfe81a2361cb110b') in 0.027111 seconds 
  Import took 0.034768 seconds .

========================================================================
Received Import Request.
  Time since last request: 0.000359 seconds.
  path: Assets/2Dpackage/Audio/Throw Cog.wav
  artifactKey: Guid(b2edfd40873655249ba0e01a5cf705be) Importer(815301076,1909f56bfc062723c751e8b465ee728b)
Start importing Assets/2Dpackage/Audio/Throw Cog.wav using Guid(b2edfd40873655249ba0e01a5cf705be) Importer(815301076,1909f56bfc062723c751e8b465ee728b)  -> (artifact id: 'b9ad1b9f182cf6f31112b74fa2804993') in 0.024514 seconds 
  Import took 0.032041 seconds .

========================================================================
Received Import Request.
  Time since last request: 0.000312 seconds.
  path: Assets/調色盤/FloorWaterRoundCorners_3.asset
  artifactKey: Guid(80c3c01c462c75b4399aa085eb26d165) Importer(815301076,1909f56bfc062723c751e8b465ee728b)
Start importing Assets/調色盤/FloorWaterRoundCorners_3.asset using Guid(80c3c01c462c75b4399aa085eb26d165) Importer(815301076,1909f56bfc062723c751e8b465ee728b)  -> (artifact id: '40e3bd8742568ed106b2313725faafc4') in 0.030331 seconds 
  Import took 0.037970 seconds .

========================================================================
Received Import Request.
  Time since last request: 0.000408 seconds.
  path: Assets/調色盤/FloorBricksToGrassCorner_4.asset
  artifactKey: Guid(bbbc57bafc89a3c4c9303ed61a4f3e1a) Importer(815301076,1909f56bfc062723c751e8b465ee728b)
Start importing Assets/調色盤/FloorBricksToGrassCorner_4.asset using Guid(bbbc57bafc89a3c4c9303ed61a4f3e1a) Importer(815301076,1909f56bfc062723c751e8b465ee728b)  -> (artifact id: 'ff4e1e976f36fa10b64a7e05c91d0041') in 0.032558 seconds 
  Import took 0.039178 seconds .

========================================================================
Received Import Request.
  Time since last request: 0.000951 seconds.
  path: Assets/2Dpackage/Audio/Hit for enemy 2.wav
  artifactKey: Guid(709a835b61b848644946696fdd5e5a4d) Importer(815301076,1909f56bfc062723c751e8b465ee728b)
Start importing Assets/2Dpackage/Audio/Hit for enemy 2.wav using Guid(709a835b61b848644946696fdd5e5a4d) Importer(815301076,1909f56bfc062723c751e8b465ee728b)  -> (artifact id: 'bae79d475201a9e6c959e7bd1e9d2a5c') in 0.024995 seconds 
  Import took 0.031324 seconds .

========================================================================
Received Import Request.
  Time since last request: 0.000354 seconds.
  path: Assets/調色盤/FloorGrassToBricksCorner_2.asset
  artifactKey: Guid(6d9745c8cc7d29841911b5e2a401b7ac) Importer(815301076,1909f56bfc062723c751e8b465ee728b)
Start importing Assets/調色盤/FloorGrassToBricksCorner_2.asset using Guid(6d9745c8cc7d29841911b5e2a401b7ac) Importer(815301076,1909f56bfc062723c751e8b465ee728b)  -> (artifact id: 'd904fde4e793eeada8ddc81e6198538c') in 0.023867 seconds 
  Import took 0.031281 seconds .

========================================================================
Received Import Request.
  Time since last request: 0.000742 seconds.
  path: Assets/2Dpackage/Audio/Hit for enemy 1.wav
  artifactKey: Guid(ae904c7305df7344d86b2092c0cb3a26) Importer(815301076,1909f56bfc062723c751e8b465ee728b)
Start importing Assets/2Dpackage/Audio/Hit for enemy 1.wav using Guid(ae904c7305df7344d86b2092c0cb3a26) Importer(815301076,1909f56bfc062723c751e8b465ee728b)  -> (artifact id: 'd1b8482c1b014791cab7be8607783e00') in 0.033983 seconds 
  Import took 0.040943 seconds .

========================================================================
Received Import Request.
  Time since last request: 0.000371 seconds.
  path: Assets/調色盤/FloorBricksToGrassCorner_8.asset
  artifactKey: Guid(fde76add6ae24444ebcdadcdcf3e7817) Importer(815301076,1909f56bfc062723c751e8b465ee728b)
Start importing Assets/調色盤/FloorBricksToGrassCorner_8.asset using Guid(fde76add6ae24444ebcdadcdcf3e7817) Importer(815301076,1909f56bfc062723c751e8b465ee728b)  -> (artifact id: 'f807ab31fad0d0ee4935873c16970075') in 0.028261 seconds 
  Import took 0.033910 seconds .

========================================================================
Received Import Request.
  Time since last request: 0.000378 seconds.
  path: Assets/調色盤/FloorBricksToGrassSquare_6.asset
  artifactKey: Guid(9e91770497bd1254380d6a24a300194e) Importer(815301076,1909f56bfc062723c751e8b465ee728b)
Start importing Assets/調色盤/FloorBricksToGrassSquare_6.asset using Guid(9e91770497bd1254380d6a24a300194e) Importer(815301076,1909f56bfc062723c751e8b465ee728b)  -> (artifact id: '3e6b95fbd9bead5169383a03f94faf1c') in 0.030302 seconds 
  Import took 0.037698 seconds .

========================================================================
Received Import Request.
  Time since last request: 0.000882 seconds.
  path: Assets/調色盤/FloorBricksToGrassSquare_5.asset
  artifactKey: Guid(f551bfd84ab20fd409ffa50fc0869d8c) Importer(815301076,1909f56bfc062723c751e8b465ee728b)
Start importing Assets/調色盤/FloorBricksToGrassSquare_5.asset using Guid(f551bfd84ab20fd409ffa50fc0869d8c) Importer(815301076,1909f56bfc062723c751e8b465ee728b)  -> (artifact id: '7fcc9175ae8648f047ceb9b15f02a31f') in 0.025374 seconds 
  Import took 0.033200 seconds .

========================================================================
Received Import Request.
  Time since last request: 0.000462 seconds.
  path: Assets/調色盤/FloorGrassToBricksSquare_3.asset
  artifactKey: Guid(3a70178f0030cf54584913a8cecf3a3a) Importer(815301076,1909f56bfc062723c751e8b465ee728b)
Start importing Assets/調色盤/FloorGrassToBricksSquare_3.asset using Guid(3a70178f0030cf54584913a8cecf3a3a) Importer(815301076,1909f56bfc062723c751e8b465ee728b)  -> (artifact id: '17eaa0e4a0303f2f087c2803e4c54a29') in 0.024515 seconds 
  Import took 0.032852 seconds .

========================================================================
Received Import Request.
  Time since last request: 0.000367 seconds.
  path: Assets/調色盤/FloorBricksToGrassCorner_7.asset
  artifactKey: Guid(fe482b53f0a3ffb45a895a05df98a3a2) Importer(815301076,1909f56bfc062723c751e8b465ee728b)
Start importing Assets/調色盤/FloorBricksToGrassCorner_7.asset using Guid(fe482b53f0a3ffb45a895a05df98a3a2) Importer(815301076,1909f56bfc062723c751e8b465ee728b)  -> (artifact id: 'fbea73275854ec79e17917a4760c8649') in 0.022065 seconds 
  Import took 0.029860 seconds .

========================================================================
Received Import Request.
  Time since last request: 0.000316 seconds.
  path: Assets/調色盤/FloorBricksToGrassSquare_7.asset
  artifactKey: Guid(93f5c688a2d99284d83fab53b874a5cf) Importer(815301076,1909f56bfc062723c751e8b465ee728b)
Start importing Assets/調色盤/FloorBricksToGrassSquare_7.asset using Guid(93f5c688a2d99284d83fab53b874a5cf) Importer(815301076,1909f56bfc062723c751e8b465ee728b)  -> (artifact id: 'b0154421e781778bb9f920de4ea5073a') in 0.024999 seconds 
  Import took 0.031368 seconds .

========================================================================
Received Import Request.
  Time since last request: 0.000371 seconds.
  path: Assets/調色盤/FloorWaterRoundCorners_4.asset
  artifactKey: Guid(15927214a0f814a45b4175d6fbb8f4fe) Importer(815301076,1909f56bfc062723c751e8b465ee728b)
Start importing Assets/調色盤/FloorWaterRoundCorners_4.asset using Guid(15927214a0f814a45b4175d6fbb8f4fe) Importer(815301076,1909f56bfc062723c751e8b465ee728b)  -> (artifact id: '7a67a77e33bc51b82e5f7caf354fbb32') in 0.026069 seconds 
  Import took 0.031686 seconds .

========================================================================
Received Import Request.
  Time since last request: 0.000409 seconds.
  path: Assets/調色盤/FloorBricksToGrassCorner_5.asset
  artifactKey: Guid(9649248d8095ac54f8d5a4f32922c084) Importer(815301076,1909f56bfc062723c751e8b465ee728b)
Start importing Assets/調色盤/FloorBricksToGrassCorner_5.asset using Guid(9649248d8095ac54f8d5a4f32922c084) Importer(815301076,1909f56bfc062723c751e8b465ee728b)  -> (artifact id: '0e0e0533d57f92dd5bbd5de80ab837c0') in 0.026823 seconds 
  Import took 0.032251 seconds .

========================================================================
Received Import Request.
  Time since last request: 0.000370 seconds.
  path: Assets/調色盤/FloorBricksToGrassSquare_2.asset
  artifactKey: Guid(2532050c230727547a5e796e2f6117e2) Importer(815301076,1909f56bfc062723c751e8b465ee728b)
Start importing Assets/調色盤/FloorBricksToGrassSquare_2.asset using Guid(2532050c230727547a5e796e2f6117e2) Importer(815301076,1909f56bfc062723c751e8b465ee728b)  -> (artifact id: '48d4ff2860fbb552474d6e48743ce9a1') in 0.025204 seconds 
  Import took 0.032054 seconds .

========================================================================
Received Import Request.
  Time since last request: 0.000347 seconds.
  path: Assets/調色盤/FloorGrassToBricksSquare_6.asset
  artifactKey: Guid(fde7548214f2d4c46b24694dd6bf9531) Importer(815301076,1909f56bfc062723c751e8b465ee728b)
Start importing Assets/調色盤/FloorGrassToBricksSquare_6.asset using Guid(fde7548214f2d4c46b24694dd6bf9531) Importer(815301076,1909f56bfc062723c751e8b465ee728b)  -> (artifact id: 'eb0d2f59f7d493f9c771851a1ffa78ff') in 0.025358 seconds 
  Import took 0.031005 seconds .

========================================================================
Received Import Request.
  Time since last request: 0.000310 seconds.
  path: Assets/調色盤/FloorGrassToBricksSquare_2.asset
  artifactKey: Guid(9c716ad2abc314b409ca099805e29927) Importer(815301076,1909f56bfc062723c751e8b465ee728b)
Start importing Assets/調色盤/FloorGrassToBricksSquare_2.asset using Guid(9c716ad2abc314b409ca099805e29927) Importer(815301076,1909f56bfc062723c751e8b465ee728b)  -> (artifact id: '708cea824d22906bbca30a3882973f82') in 0.030902 seconds 
  Import took 0.036772 seconds .

========================================================================
Received Import Request.
  Time since last request: 0.000329 seconds.
  path: Assets/2Dpackage/Audio/Footsteps2a.wav
  artifactKey: Guid(a20c77ecd5de9eb4a98731b45ad84c3e) Importer(815301076,1909f56bfc062723c751e8b465ee728b)
Start importing Assets/2Dpackage/Audio/Footsteps2a.wav using Guid(a20c77ecd5de9eb4a98731b45ad84c3e) Importer(815301076,1909f56bfc062723c751e8b465ee728b)  -> (artifact id: 'ec4114c08ca62f0438743a345ad6a802') in 0.027777 seconds 
  Import took 0.033535 seconds .

========================================================================
Received Import Request.
  Time since last request: 0.000515 seconds.
  path: Assets/2Dpackage/Audio/2D MUSIC LOOP.wav
  artifactKey: Guid(e406c04157c663a43b859646b7ad3c2a) Importer(815301076,1909f56bfc062723c751e8b465ee728b)
Start importing Assets/2Dpackage/Audio/2D MUSIC LOOP.wav using Guid(e406c04157c663a43b859646b7ad3c2a) Importer(815301076,1909f56bfc062723c751e8b465ee728b)  -> (artifact id: '2077188d0d35c608a137f25f1dd09cc5') in 0.027786 seconds 
  Import took 0.035836 seconds .

========================================================================
Received Import Request.
  Time since last request: 0.000415 seconds.
  path: Assets/2Dpackage/Audio/Collectable.wav
  artifactKey: Guid(af5f8b64e3f58f24c87ff8f789b04f6c) Importer(815301076,1909f56bfc062723c751e8b465ee728b)
Start importing Assets/2Dpackage/Audio/Collectable.wav using Guid(af5f8b64e3f58f24c87ff8f789b04f6c) Importer(815301076,1909f56bfc062723c751e8b465ee728b)  -> (artifact id: '2c1b7c2bf256bd2c22fdd47c1a88f065') in 0.026645 seconds 
  Import took 0.035002 seconds .

========================================================================
Received Import Request.
  Time since last request: 0.000316 seconds.
  path: Assets/2Dpackage/Art/Animations
  artifactKey: Guid(c2511782ee2ec2049bd34dd5311d72e0) Importer(815301076,1909f56bfc062723c751e8b465ee728b)
Start importing Assets/2Dpackage/Art/Animations using Guid(c2511782ee2ec2049bd34dd5311d72e0) Importer(815301076,1909f56bfc062723c751e8b465ee728b)  -> (artifact id: 'b510a228b6367b06187e55095d50d124') in 0.009964 seconds 
  Import took 0.020772 seconds .

========================================================================
Received Import Request.
  Time since last request: 0.000392 seconds.
  path: Assets/2Dpackage/Audio/Robot Fixed.wav
  artifactKey: Guid(e7fa1971a86d60945bb64585c0ac14d5) Importer(815301076,1909f56bfc062723c751e8b465ee728b)
Start importing Assets/2Dpackage/Audio/Robot Fixed.wav using Guid(e7fa1971a86d60945bb64585c0ac14d5) Importer(815301076,1909f56bfc062723c751e8b465ee728b)  -> (artifact id: 'b0f543d931514fe435c6ca33cfe96fc4') in 0.028836 seconds 
  Import took 0.036096 seconds .

========================================================================
Received Import Request.
  Time since last request: 0.000473 seconds.
  path: Assets/調色盤/FloorWaterRoundCorners_0.asset
  artifactKey: Guid(9ec41ed6bc0764c4cac2a1ba868a834b) Importer(815301076,1909f56bfc062723c751e8b465ee728b)
Start importing Assets/調色盤/FloorWaterRoundCorners_0.asset using Guid(9ec41ed6bc0764c4cac2a1ba868a834b) Importer(815301076,1909f56bfc062723c751e8b465ee728b)  -> (artifact id: 'e52f4964a5f20f60dac0624d30930e65') in 0.023164 seconds 
  Import took 0.030966 seconds .

========================================================================
Received Import Request.
  Time since last request: 0.000340 seconds.
  path: Assets/調色盤/FloorWaterRoundCorners_2.asset
  artifactKey: Guid(81b65c56db43c4b46ad0b756895ae184) Importer(815301076,1909f56bfc062723c751e8b465ee728b)
Start importing Assets/調色盤/FloorWaterRoundCorners_2.asset using Guid(81b65c56db43c4b46ad0b756895ae184) Importer(815301076,1909f56bfc062723c751e8b465ee728b)  -> (artifact id: '90af302e1d0c2cc282a9411a3331d962') in 0.023103 seconds 
  Import took 0.032445 seconds .

========================================================================
Received Import Request.
  Time since last request: 0.000661 seconds.
  path: Assets/調色盤/FloorGrassToBricksCorner_7.asset
  artifactKey: Guid(aa7e375fbb1aac14c86a7929c8d747dd) Importer(815301076,1909f56bfc062723c751e8b465ee728b)
Start importing Assets/調色盤/FloorGrassToBricksCorner_7.asset using Guid(aa7e375fbb1aac14c86a7929c8d747dd) Importer(815301076,1909f56bfc062723c751e8b465ee728b)  -> (artifact id: '0faa44cdd3f1ea51c9a329cb0e963637') in 0.023555 seconds 
  Import took 0.032205 seconds .

========================================================================
Received Import Request.
  Time since last request: 0.000362 seconds.
  path: Assets/調色盤/FloorGrassToBricksCorner_6.asset
  artifactKey: Guid(58afc1f779de1334dafda0d4f60af467) Importer(815301076,1909f56bfc062723c751e8b465ee728b)
Start importing Assets/調色盤/FloorGrassToBricksCorner_6.asset using Guid(58afc1f779de1334dafda0d4f60af467) Importer(815301076,1909f56bfc062723c751e8b465ee728b)  -> (artifact id: '8ed9fda9779a2c734659ef6c8f3940f8') in 0.022251 seconds 
  Import took 0.029928 seconds .

========================================================================
Received Import Request.
  Time since last request: 0.000317 seconds.
  path: Assets/調色盤/FloorBricksToGrassCorner_1.asset
  artifactKey: Guid(47692107c1fbe5a48a37c55148a8439e) Importer(815301076,1909f56bfc062723c751e8b465ee728b)
Start importing Assets/調色盤/FloorBricksToGrassCorner_1.asset using Guid(47692107c1fbe5a48a37c55148a8439e) Importer(815301076,1909f56bfc062723c751e8b465ee728b)  -> (artifact id: 'cafb0edf28e012a696473371eb4d6164') in 0.021774 seconds 
  Import took 0.027850 seconds .

========================================================================
Received Import Request.
  Time since last request: 0.000302 seconds.
  path: Assets/調色盤/FloorGrassToBricksCorner_1.asset
  artifactKey: Guid(db95e5f23227e614b86b8b43c5e2601b) Importer(815301076,1909f56bfc062723c751e8b465ee728b)
Start importing Assets/調色盤/FloorGrassToBricksCorner_1.asset using Guid(db95e5f23227e614b86b8b43c5e2601b) Importer(815301076,1909f56bfc062723c751e8b465ee728b)  -> (artifact id: '962772ec8cc6b53194cf731eb697c2ef') in 0.023459 seconds 
  Import took 0.031132 seconds .

========================================================================
Received Import Request.
  Time since last request: 0.000369 seconds.
  path: Assets/調色盤/FloorGrassToBricksSquare_1.asset
  artifactKey: Guid(26bac849314adb34989e4c1c66c08ea7) Importer(815301076,1909f56bfc062723c751e8b465ee728b)
Start importing Assets/調色盤/FloorGrassToBricksSquare_1.asset using Guid(26bac849314adb34989e4c1c66c08ea7) Importer(815301076,1909f56bfc062723c751e8b465ee728b)  -> (artifact id: '05587ae71ea8c49cc604464838f2e718') in 0.026140 seconds 
  Import took 0.033256 seconds .

========================================================================
Received Import Request.
  Time since last request: 0.000318 seconds.
  path: Assets/調色盤/FloorGrassToBricksCorner_8.asset
  artifactKey: Guid(c124d6a1883608b4a8abb28e3d92d000) Importer(815301076,1909f56bfc062723c751e8b465ee728b)
Start importing Assets/調色盤/FloorGrassToBricksCorner_8.asset using Guid(c124d6a1883608b4a8abb28e3d92d000) Importer(815301076,1909f56bfc062723c751e8b465ee728b)  -> (artifact id: '3c0d02d6c7c6fed3cbce74fba443eb26') in 0.022769 seconds 
  Import took 0.029285 seconds .

========================================================================
Received Import Request.
  Time since last request: 0.000337 seconds.
  path: Assets/調色盤/FloorGrassToBricksCorner_4.asset
  artifactKey: Guid(392d71ee60204354884e4efe75f4ce69) Importer(815301076,1909f56bfc062723c751e8b465ee728b)
Start importing Assets/調色盤/FloorGrassToBricksCorner_4.asset using Guid(392d71ee60204354884e4efe75f4ce69) Importer(815301076,1909f56bfc062723c751e8b465ee728b)  -> (artifact id: '4a195788e9d67c82d70eadebee7e0594') in 0.027900 seconds 
  Import took 0.036237 seconds .

========================================================================
Received Import Request.
  Time since last request: 823.214219 seconds.
  path: Assets/2Dpackage/Art/Animations/AnimationClips/Player/RubyRunDown.anim
  artifactKey: Guid(bc859b42527852244bafef7eb4220a47) Importer(815301076,1909f56bfc062723c751e8b465ee728b)
Start importing Assets/2Dpackage/Art/Animations/AnimationClips/Player/RubyRunDown.anim using Guid(bc859b42527852244bafef7eb4220a47) Importer(815301076,1909f56bfc062723c751e8b465ee728b)  -> (artifact id: '4cf0a4b4d9c51cfb9467790c90ff55a8') in 0.945987 seconds 
  Import took 1.343516 seconds .

========================================================================
Received Import Request.
  Time since last request: 0.028254 seconds.
  path: Assets/2Dpackage/Art/Animations/AnimationClips
  artifactKey: Guid(2dceb00d54b369d4889d2daf5a884a57) Importer(815301076,1909f56bfc062723c751e8b465ee728b)
Start importing Assets/2Dpackage/Art/Animations/AnimationClips using Guid(2dceb00d54b369d4889d2daf5a884a57) Importer(815301076,1909f56bfc062723c751e8b465ee728b)  -> (artifact id: 'b3f31c09148e766f780e1d71e3f9b5b4') in 0.009383 seconds 
  Import took 0.017792 seconds .

========================================================================
Received Import Request.
  Time since last request: 0.036602 seconds.
  path: Assets/ruby 走路 背面.anim
  artifactKey: Guid(cbec8a60c19eb4449b24a453ac4a0ada) Importer(815301076,1909f56bfc062723c751e8b465ee728b)
Start importing Assets/ruby 走路 背面.anim using Guid(cbec8a60c19eb4449b24a453ac4a0ada) Importer(815301076,1909f56bfc062723c751e8b465ee728b)  -> (artifact id: 'a7f3f81e4fda1a968887f0fd735458ca') in 0.009686 seconds 
  Import took 0.017198 seconds .

========================================================================
Received Import Request.
  Time since last request: 0.005246 seconds.
  path: Assets/2Dpackage/Art/Sprites/UI
  artifactKey: Guid(bfb96839a89439043a19cb4fb1efcba7) Importer(815301076,1909f56bfc062723c751e8b465ee728b)
Start importing Assets/2Dpackage/Art/Sprites/UI using Guid(bfb96839a89439043a19cb4fb1efcba7) Importer(815301076,1909f56bfc062723c751e8b465ee728b)  -> (artifact id: 'e5678d7afc4f31677ecd2aa3e0a0f531') in 0.007634 seconds 
  Import took 0.013500 seconds .

========================================================================
Received Import Request.
  Time since last request: 0.007630 seconds.
  path: Assets/敵人 走路.anim
  artifactKey: Guid(8b62406895ffc1f4da7857a3a021fcfe) Importer(815301076,1909f56bfc062723c751e8b465ee728b)
Start importing Assets/敵人 走路.anim using Guid(8b62406895ffc1f4da7857a3a021fcfe) Importer(815301076,1909f56bfc062723c751e8b465ee728b)  -> (artifact id: 'd888ad9ff560290d2997e43f6ae8c9d7') in 0.008944 seconds 
  Import took 0.014779 seconds .

========================================================================
Received Import Request.
  Time since last request: 0.065145 seconds.
  path: Assets/Scenes/New2DGame.unity
  artifactKey: Guid(d9844195a5c06a1428c0665eb01a3143) Importer(815301076,1909f56bfc062723c751e8b465ee728b)
Start importing Assets/Scenes/New2DGame.unity using Guid(d9844195a5c06a1428c0665eb01a3143) Importer(815301076,1909f56bfc062723c751e8b465ee728b)  -> (artifact id: 'c1234bd47b2374240e4bd99c62a0af29') in 0.010196 seconds 
  Import took 0.016042 seconds .

========================================================================
Received Import Request.
  Time since last request: 0.008263 seconds.
  path: Assets/敵人 走路 正面.anim
  artifactKey: Guid(d3416d2dd2ceee84482ae78f79f9ddc7) Importer(815301076,1909f56bfc062723c751e8b465ee728b)
Start importing Assets/敵人 走路 正面.anim using Guid(d3416d2dd2ceee84482ae78f79f9ddc7) Importer(815301076,1909f56bfc062723c751e8b465ee728b)  -> (artifact id: 'f3cdb20eba8efa521fd8b934f3dccbe3') in 0.009279 seconds 
  Import took 0.015526 seconds .

========================================================================
Received Import Request.
  Time since last request: 0.052778 seconds.
  path: Assets/ruby 走路 正面.anim
  artifactKey: Guid(d34916160d5f90042a58dcdcad7725f1) Importer(815301076,1909f56bfc062723c751e8b465ee728b)
Start importing Assets/ruby 走路 正面.anim using Guid(d34916160d5f90042a58dcdcad7725f1) Importer(815301076,1909f56bfc062723c751e8b465ee728b)  -> (artifact id: '343c1eb036496be0f48dc3fc57983b3b') in 0.008237 seconds 
  Import took 0.015581 seconds .

========================================================================
Received Import Request.
  Time since last request: 0.007189 seconds.
  path: Assets/調色盤/FloorWaterSquareCorners_1.asset
  artifactKey: Guid(b55c5fa7b3371604b88cd742b3a03311) Importer(815301076,1909f56bfc062723c751e8b465ee728b)
Start importing Assets/調色盤/FloorWaterSquareCorners_1.asset using Guid(b55c5fa7b3371604b88cd742b3a03311) Importer(815301076,1909f56bfc062723c751e8b465ee728b)  -> (artifact id: '88948834f5b538182517a6bfc819052b') in 0.111270 seconds 
  Import took 0.118335 seconds .

========================================================================
Received Import Request.
  Time since last request: 0.039747 seconds.
  path: Assets/2Dpackage/Art/Sprites/VFX/CollectibleHealth.png
  artifactKey: Guid(00e89d1057578a342b22583144a5ee03) Importer(815301076,1909f56bfc062723c751e8b465ee728b)
Start importing Assets/2Dpackage/Art/Sprites/VFX/CollectibleHealth.png using Guid(00e89d1057578a342b22583144a5ee03) Importer(815301076,1909f56bfc062723c751e8b465ee728b)  -> (artifact id: '99ac054501982fecc6c646a546093a61') in 0.579266 seconds 
  Import took 0.585640 seconds .

========================================================================
Received Import Request.
  Time since last request: 0.032941 seconds.
  path: Assets/調色盤/FloorWaterSquareCorners_5.asset
  artifactKey: Guid(3b4f1a15d16ca8745851b02854b39311) Importer(815301076,1909f56bfc062723c751e8b465ee728b)
Start importing Assets/調色盤/FloorWaterSquareCorners_5.asset using Guid(3b4f1a15d16ca8745851b02854b39311) Importer(815301076,1909f56bfc062723c751e8b465ee728b)  -> (artifact id: '3cc236bad6956c99148e2b74e444f552') in 0.020377 seconds 
  Import took 0.026266 seconds .

========================================================================
Received Import Request.
  Time since last request: 0.009608 seconds.
  path: Assets/調色盤/FloorWaterSquareCorners_2.asset
  artifactKey: Guid(b098da9b08473494e9866943a44bd0f2) Importer(815301076,1909f56bfc062723c751e8b465ee728b)
Start importing Assets/調色盤/FloorWaterSquareCorners_2.asset using Guid(b098da9b08473494e9866943a44bd0f2) Importer(815301076,1909f56bfc062723c751e8b465ee728b)  -> (artifact id: '6826e2413db1b55603351fa950afdbd5') in 0.020441 seconds 
  Import took 0.029256 seconds .

========================================================================
Received Import Request.
  Time since last request: 0.010360 seconds.
  path: Assets/2Dpackage/Art/Animations/AnimationClips/Player/RubyIdleUp.anim
  artifactKey: Guid(89c429289a4c78c4fbe1d21100991270) Importer(815301076,1909f56bfc062723c751e8b465ee728b)
Start importing Assets/2Dpackage/Art/Animations/AnimationClips/Player/RubyIdleUp.anim using Guid(89c429289a4c78c4fbe1d21100991270) Importer(815301076,1909f56bfc062723c751e8b465ee728b)  -> (artifact id: '2fc1a8d1253c99924fd13f7a0522256a') in 0.010731 seconds 
  Import took 0.017777 seconds .

========================================================================
Received Import Request.
  Time since last request: 0.009017 seconds.
  path: Assets/MrClockworkWalkUp1.controller
  artifactKey: Guid(aed2be456407ca0498c27d32cf35176f) Importer(815301076,1909f56bfc062723c751e8b465ee728b)
Start importing Assets/MrClockworkWalkUp1.controller using Guid(aed2be456407ca0498c27d32cf35176f) Importer(815301076,1909f56bfc062723c751e8b465ee728b)  -> (artifact id: 'a69ef85670cd56dced5524ffedd6236b') in 0.029723 seconds 
  Import took 0.036301 seconds .

========================================================================
Received Import Request.
  Time since last request: 0.019194 seconds.
  path: Assets/2Dpackage/Art/Sprites/Environmnent/Materials/GrassSmall.mat
  artifactKey: Guid(5c7a945b000e5424d9bcea20c9d0ad5e) Importer(815301076,1909f56bfc062723c751e8b465ee728b)
Start importing Assets/2Dpackage/Art/Sprites/Environmnent/Materials/GrassSmall.mat using Guid(5c7a945b000e5424d9bcea20c9d0ad5e) Importer(815301076,1909f56bfc062723c751e8b465ee728b)  -> (artifact id: '7ce1a67f18fd33eec526dfc1c6946a33') in 0.310750 seconds 
  Import took 0.317099 seconds .

========================================================================
Received Import Request.
  Time since last request: 0.021657 seconds.
  path: Assets/調色盤/FloorWaterRoundCorners_7.asset
  artifactKey: Guid(c8195c90b4b507e44a3ea294c7390f71) Importer(815301076,1909f56bfc062723c751e8b465ee728b)
Start importing Assets/調色盤/FloorWaterRoundCorners_7.asset using Guid(c8195c90b4b507e44a3ea294c7390f71) Importer(815301076,1909f56bfc062723c751e8b465ee728b)  -> (artifact id: '06c750da3421ba80cd2d4760adb77750') in 0.023945 seconds 
  Import took 0.032567 seconds .

========================================================================
Received Import Request.
  Time since last request: 0.012516 seconds.
  path: Assets/調色盤/FloorWaterRoundCorners_6.asset
  artifactKey: Guid(9de173645e2cc1d449a9fdf07bf11b68) Importer(815301076,1909f56bfc062723c751e8b465ee728b)
Start importing Assets/調色盤/FloorWaterRoundCorners_6.asset using Guid(9de173645e2cc1d449a9fdf07bf11b68) Importer(815301076,1909f56bfc062723c751e8b465ee728b)  -> (artifact id: 'f6c675aa416b1a7c511f7737cc749084') in 0.022704 seconds 
  Import took 0.032421 seconds .

========================================================================
Received Import Request.
  Time since last request: 0.012266 seconds.
  path: Assets/2Dpackage/Art/Animations/AnimationClips/Player/RubyHitLeft.anim
  artifactKey: Guid(c1b9a114c780f974284fddf886871a16) Importer(815301076,1909f56bfc062723c751e8b465ee728b)
Start importing Assets/2Dpackage/Art/Animations/AnimationClips/Player/RubyHitLeft.anim using Guid(c1b9a114c780f974284fddf886871a16) Importer(815301076,1909f56bfc062723c751e8b465ee728b)  -> (artifact id: 'e6b514a791bdeb76d3830a7d70ba6a77') in 0.013982 seconds 
  Import took 0.021792 seconds .

========================================================================
Received Import Request.
  Time since last request: 0.011771 seconds.
  path: Assets/RubyRunSide1.controller
  artifactKey: Guid(846cb1d2491cc4744ad214892dcb0be6) Importer(815301076,1909f56bfc062723c751e8b465ee728b)
Start importing Assets/RubyRunSide1.controller using Guid(846cb1d2491cc4744ad214892dcb0be6) Importer(815301076,1909f56bfc062723c751e8b465ee728b)  -> (artifact id: '9fe63f3be27630fa55b07703e0a32b8e') in 0.067627 seconds 
  Import took 0.106810 seconds .

========================================================================
Received Import Request.
  Time since last request: 0.021405 seconds.
  path: Assets/2Dpackage/Art/Animations/AnimationClips/Player/RubyHitRight.anim
  artifactKey: Guid(58f46138981fa4944bcf388ef7cd9980) Importer(815301076,1909f56bfc062723c751e8b465ee728b)
Start importing Assets/2Dpackage/Art/Animations/AnimationClips/Player/RubyHitRight.anim using Guid(58f46138981fa4944bcf388ef7cd9980) Importer(815301076,1909f56bfc062723c751e8b465ee728b)  -> (artifact id: 'e46a4e487d8da5168a943f85a947c8f2') in 0.018724 seconds 
  Import took 0.045882 seconds .

========================================================================
Received Import Request.
  Time since last request: 0.011153 seconds.
  path: Assets/2Dpackage/Art/Animations/Ruby.controller
  artifactKey: Guid(b77822e0485373d40b5beb92e9a5e728) Importer(815301076,1909f56bfc062723c751e8b465ee728b)
Start importing Assets/2Dpackage/Art/Animations/Ruby.controller using Guid(b77822e0485373d40b5beb92e9a5e728) Importer(815301076,1909f56bfc062723c751e8b465ee728b)  -> (artifact id: 'c4fcd81e4a2ae98a8f7cade00f6374c8') in 0.041567 seconds 
  Import took 0.050544 seconds .

========================================================================
Received Import Request.
  Time since last request: 0.010014 seconds.
  path: Assets/RubyRunUp1.controller
  artifactKey: Guid(f697a094081d28047890b523e7ae23bd) Importer(815301076,1909f56bfc062723c751e8b465ee728b)
Start importing Assets/RubyRunUp1.controller using Guid(f697a094081d28047890b523e7ae23bd) Importer(815301076,1909f56bfc062723c751e8b465ee728b)  -> (artifact id: '6a583b274d166f0ed025d5399dbf55d0') in 0.011569 seconds 
  Import took 0.021399 seconds .

========================================================================
Received Import Request.
  Time since last request: 0.008909 seconds.
  path: Assets/2Dpackage/Art/Animations/AnimationClips/Player
  artifactKey: Guid(f3cc884ead1a9b844804335eddacc621) Importer(815301076,1909f56bfc062723c751e8b465ee728b)
Start importing Assets/2Dpackage/Art/Animations/AnimationClips/Player using Guid(f3cc884ead1a9b844804335eddacc621) Importer(815301076,1909f56bfc062723c751e8b465ee728b)  -> (artifact id: 'a955fd25213020ddc586c92ae09676f9') in 0.010226 seconds 
  Import took 0.023260 seconds .

========================================================================
Received Import Request.
  Time since last request: 0.008691 seconds.
  path: Assets/Scripts/RubyMove.cs
  artifactKey: Guid(62a1fcb8a47452e41a051d560ba17610) Importer(815301076,1909f56bfc062723c751e8b465ee728b)
Start importing Assets/Scripts/RubyMove.cs using Guid(62a1fcb8a47452e41a051d560ba17610) Importer(815301076,1909f56bfc062723c751e8b465ee728b)  -> (artifact id: 'a49859447b256e7aaf02eff030688b75') in 0.021384 seconds 
  Import took 0.030611 seconds .

========================================================================
Received Import Request.
  Time since last request: 0.043932 seconds.
  path: Assets/2Dpackage/Art/Animations/AnimationClips/Player/RubyIdleRight.anim
  artifactKey: Guid(03a8dc2afbae8c14e8ddd760c0bb9e3e) Importer(815301076,1909f56bfc062723c751e8b465ee728b)
Start importing Assets/2Dpackage/Art/Animations/AnimationClips/Player/RubyIdleRight.anim using Guid(03a8dc2afbae8c14e8ddd760c0bb9e3e) Importer(815301076,1909f56bfc062723c751e8b465ee728b)  -> (artifact id: 'd7b21ce8e8e37898eba71abd18d0b203') in 0.008985 seconds 
  Import took 0.015766 seconds .

========================================================================
Received Import Request.
  Time since last request: 0.018434 seconds.
  path: Assets/2Dpackage/Art/Sprites/Environmnent/Materials/TreeBig3.mat
  artifactKey: Guid(d247c5a53d14f57498f5dfd7607e75ac) Importer(815301076,1909f56bfc062723c751e8b465ee728b)
Start importing Assets/2Dpackage/Art/Sprites/Environmnent/Materials/TreeBig3.mat using Guid(d247c5a53d14f57498f5dfd7607e75ac) Importer(815301076,1909f56bfc062723c751e8b465ee728b)  -> (artifact id: 'e93b393ecac5e34533d2533ed7d4e516') in 0.031552 seconds 
  Import took 0.041351 seconds .

========================================================================
Received Import Request.
  Time since last request: 0.021316 seconds.
  path: Assets/調色盤/FloorWaterRoundCorners_5.asset
  artifactKey: Guid(01984256b62bbf44b872e53567877a91) Importer(815301076,1909f56bfc062723c751e8b465ee728b)
Start importing Assets/調色盤/FloorWaterRoundCorners_5.asset using Guid(01984256b62bbf44b872e53567877a91) Importer(815301076,1909f56bfc062723c751e8b465ee728b)  -> (artifact id: '1253eb391ef2e82c5251320d15824a49') in 0.019568 seconds 
  Import took 0.029131 seconds .

========================================================================
Received Import Request.
  Time since last request: 0.039865 seconds.
  path: Assets/調色盤/FloorWaterSquareCorners_7.asset
  artifactKey: Guid(1d9c30dba065fc54b95d9bf8814f223a) Importer(815301076,1909f56bfc062723c751e8b465ee728b)
Start importing Assets/調色盤/FloorWaterSquareCorners_7.asset using Guid(1d9c30dba065fc54b95d9bf8814f223a) Importer(815301076,1909f56bfc062723c751e8b465ee728b)  -> (artifact id: '3a4d6a702068e86e5e238be7cd43841e') in 0.023395 seconds 
  Import took 0.029473 seconds .

========================================================================
Received Import Request.
  Time since last request: 0.010555 seconds.
  path: Assets/2Dpackage/Art/Sprites/Environmnent/Materials/LotusFlower.mat
  artifactKey: Guid(4b201a09a858b014f9811fb801c93ff1) Importer(815301076,1909f56bfc062723c751e8b465ee728b)
Start importing Assets/2Dpackage/Art/Sprites/Environmnent/Materials/LotusFlower.mat using Guid(4b201a09a858b014f9811fb801c93ff1) Importer(815301076,1909f56bfc062723c751e8b465ee728b)  -> (artifact id: '5421f3eceb788bc53b692a130ac962a2') in 0.025807 seconds 
  Import took 0.033045 seconds .

========================================================================
Received Import Request.
  Time since last request: 0.040469 seconds.
  path: Assets/2Dpackage/Demo
  artifactKey: Guid(3585bb87d30eb48439c7bd3862283f09) Importer(815301076,1909f56bfc062723c751e8b465ee728b)
Start importing Assets/2Dpackage/Demo using Guid(3585bb87d30eb48439c7bd3862283f09) Importer(815301076,1909f56bfc062723c751e8b465ee728b)  -> (artifact id: '1d768a862d8c65f7829a215836c14186') in 0.030647 seconds 
  Import took 0.053956 seconds .

========================================================================
Received Import Request.
  Time since last request: 0.077499 seconds.
  path: Assets/2Dpackage/Art/Sprites/Environmnent/Materials
  artifactKey: Guid(dd3ca828c1229b0469d26711437c93f7) Importer(815301076,1909f56bfc062723c751e8b465ee728b)
Start importing Assets/2Dpackage/Art/Sprites/Environmnent/Materials using Guid(dd3ca828c1229b0469d26711437c93f7) Importer(815301076,1909f56bfc062723c751e8b465ee728b)  -> (artifact id: '8298054c527b418bf41f9be4b76c8b94') in 0.012638 seconds 
  Import took 0.025988 seconds .

========================================================================
Received Import Request.
  Time since last request: 0.058039 seconds.
  path: Assets/調色盤/FloorWaterSquareCorners_4.asset
  artifactKey: Guid(329bc73f7a3e0c24a9df14777e50a19f) Importer(815301076,1909f56bfc062723c751e8b465ee728b)
Start importing Assets/調色盤/FloorWaterSquareCorners_4.asset using Guid(329bc73f7a3e0c24a9df14777e50a19f) Importer(815301076,1909f56bfc062723c751e8b465ee728b)  -> (artifact id: 'c358ceae213620c72a5b4a848044e5c8') in 0.031713 seconds 
  Import took 0.041568 seconds .

========================================================================
Received Import Request.
  Time since last request: 0.015310 seconds.
  path: Assets/調色盤/FloorWaterSquareCorners_3.asset
  artifactKey: Guid(a4e21fb135e90fd419f45696d1d7972a) Importer(815301076,1909f56bfc062723c751e8b465ee728b)
Start importing Assets/調色盤/FloorWaterSquareCorners_3.asset using Guid(a4e21fb135e90fd419f45696d1d7972a) Importer(815301076,1909f56bfc062723c751e8b465ee728b)  -> (artifact id: '4ea1af8c27eea1837db1d5303d2befdb') in 0.021215 seconds 
  Import took 0.031010 seconds .

========================================================================
Received Import Request.
  Time since last request: 0.009580 seconds.
  path: Assets/2Dpackage/Art/Sprites/VFX/Shadow.png
  artifactKey: Guid(2473a1005c3459b479fdb52a47447363) Importer(815301076,1909f56bfc062723c751e8b465ee728b)
Start importing Assets/2Dpackage/Art/Sprites/VFX/Shadow.png using Guid(2473a1005c3459b479fdb52a47447363) Importer(815301076,1909f56bfc062723c751e8b465ee728b)  -> (artifact id: '46e96a75a83e987a782543fd9b0be177') in 0.041576 seconds 
  Import took 0.050135 seconds .

========================================================================
Received Import Request.
  Time since last request: 0.012051 seconds.
  path: Assets/調色盤/FloorWaterSquareCorners_6.asset
  artifactKey: Guid(74040142e7280464d929e76492dc0651) Importer(815301076,1909f56bfc062723c751e8b465ee728b)
Start importing Assets/調色盤/FloorWaterSquareCorners_6.asset using Guid(74040142e7280464d929e76492dc0651) Importer(815301076,1909f56bfc062723c751e8b465ee728b)  -> (artifact id: '6acccf1d483611578f62651be68aa841') in 0.021283 seconds 
  Import took 0.026873 seconds .

========================================================================
Received Import Request.
  Time since last request: 0.008764 seconds.
  path: Assets/2Dpackage/Demo/DemoScene.unity
  artifactKey: Guid(e743c1bf0a2c81e4391939f774e84da7) Importer(815301076,1909f56bfc062723c751e8b465ee728b)
Start importing Assets/2Dpackage/Demo/DemoScene.unity using Guid(e743c1bf0a2c81e4391939f774e84da7) Importer(815301076,1909f56bfc062723c751e8b465ee728b)  -> (artifact id: 'fdcb839391e8a996abd7939a8260f934') in 0.008115 seconds 
  Import took 0.017225 seconds .

========================================================================
Received Import Request.
  Time since last request: 0.056794 seconds.
  path: Assets/MrClockworkWalkSides1.controller
  artifactKey: Guid(71f19a9879e46be49a2c5e3ebd7c404e) Importer(815301076,1909f56bfc062723c751e8b465ee728b)
Start importing Assets/MrClockworkWalkSides1.controller using Guid(71f19a9879e46be49a2c5e3ebd7c404e) Importer(815301076,1909f56bfc062723c751e8b465ee728b)  -> (artifact id: '837641fb065b54bf5ca91dc58b070ba6') in 0.011247 seconds 
  Import took 0.019137 seconds .

========================================================================
Received Import Request.
  Time since last request: 0.006946 seconds.
  path: Assets/調色盤/FloorWaterSquareCorners_8.asset
  artifactKey: Guid(f99f4156ac559e0489cbbc2d909a9e9e) Importer(815301076,1909f56bfc062723c751e8b465ee728b)
Start importing Assets/調色盤/FloorWaterSquareCorners_8.asset using Guid(f99f4156ac559e0489cbbc2d909a9e9e) Importer(815301076,1909f56bfc062723c751e8b465ee728b)  -> (artifact id: 'd6f33d6f0b6c32394df8029e29de1690') in 0.021280 seconds 
  Import took 0.029595 seconds .

========================================================================
Received Import Request.
  Time since last request: 0.026440 seconds.
  path: Assets/ruby 走路.anim
  artifactKey: Guid(2e21cec74e1809640a6a475b19be1eee) Importer(815301076,1909f56bfc062723c751e8b465ee728b)
Start importing Assets/ruby 走路.anim using Guid(2e21cec74e1809640a6a475b19be1eee) Importer(815301076,1909f56bfc062723c751e8b465ee728b)  -> (artifact id: 'e9b7bc1de2d288ed061525ccbaff7140') in 0.010541 seconds 
  Import took 0.019440 seconds .

========================================================================
Received Import Request.
  Time since last request: 0.082395 seconds.
  path: Assets/MrClockworkWalkDown1.controller
  artifactKey: Guid(0c8999efbd4b3184aa24412050267802) Importer(815301076,1909f56bfc062723c751e8b465ee728b)
Start importing Assets/MrClockworkWalkDown1.controller using Guid(0c8999efbd4b3184aa24412050267802) Importer(815301076,1909f56bfc062723c751e8b465ee728b)  -> (artifact id: 'ca4bfe2baeba5ea36b88f451cb8c6588') in 0.011820 seconds 
  Import took 0.018559 seconds .

========================================================================
Received Import Request.
  Time since last request: 0.034182 seconds.
  path: Assets/調色盤/地形.prefab
  artifactKey: Guid(e3e99c26204876c4aada1f78f933099a) Importer(815301076,1909f56bfc062723c751e8b465ee728b)
Start importing Assets/調色盤/地形.prefab using Guid(e3e99c26204876c4aada1f78f933099a) Importer(815301076,1909f56bfc062723c751e8b465ee728b)  -> (artifact id: '6e0b9c574324b372aac3f7594ccc0755') in 0.304345 seconds 
  Import took 0.313897 seconds .

========================================================================
Received Import Request.
  Time since last request: 0.010044 seconds.
  path: Assets/2Dpackage/Art/Animations/AnimationClips/Player/RubyIdleLeft.anim
  artifactKey: Guid(0a2f355514bccbb4db7582e45e78f187) Importer(815301076,1909f56bfc062723c751e8b465ee728b)
Start importing Assets/2Dpackage/Art/Animations/AnimationClips/Player/RubyIdleLeft.anim using Guid(0a2f355514bccbb4db7582e45e78f187) Importer(815301076,1909f56bfc062723c751e8b465ee728b)  -> (artifact id: '541de717a293547d4ebb5963801cf576') in 0.010470 seconds 
  Import took 0.016827 seconds .

========================================================================
Received Import Request.
  Time since last request: 0.019669 seconds.
  path: Assets/2Dpackage/Art/Sprites/VFX/ParticleSpriteAtlas.png
  artifactKey: Guid(bb5bb2f184426a64cac53faa220820f5) Importer(815301076,1909f56bfc062723c751e8b465ee728b)
Start importing Assets/2Dpackage/Art/Sprites/VFX/ParticleSpriteAtlas.png using Guid(bb5bb2f184426a64cac53faa220820f5) Importer(815301076,1909f56bfc062723c751e8b465ee728b)  -> (artifact id: 'bac4c61640519f0c2496989391d2f36c') in 0.032055 seconds 
  Import took 0.038668 seconds .

========================================================================
Received Import Request.
  Time since last request: 0.023029 seconds.
  path: Assets/2Dpackage/Art/Animations/AnimationClips/Player/RubyHitDown.anim
  artifactKey: Guid(07f2b32839e2f98428c49d63421c8693) Importer(815301076,1909f56bfc062723c751e8b465ee728b)
Start importing Assets/2Dpackage/Art/Animations/AnimationClips/Player/RubyHitDown.anim using Guid(07f2b32839e2f98428c49d63421c8693) Importer(815301076,1909f56bfc062723c751e8b465ee728b)  -> (artifact id: '0e4ae95246e6c1a904478d4e7d67fbb4') in 0.010486 seconds 
  Import took 0.016947 seconds .

========================================================================
Received Import Request.
  Time since last request: 0.020015 seconds.
  path: Assets/2Dpackage/Art/Animations/AnimationClips/Player/RubyRunLeft.anim
  artifactKey: Guid(d79ff6f6f29dbe040ad6e53cfb430d6f) Importer(815301076,1909f56bfc062723c751e8b465ee728b)
Start importing Assets/2Dpackage/Art/Animations/AnimationClips/Player/RubyRunLeft.anim using Guid(d79ff6f6f29dbe040ad6e53cfb430d6f) Importer(815301076,1909f56bfc062723c751e8b465ee728b)  -> (artifact id: 'be7b2887c63d6ca4a661ac1e3bd9fbd9') in 0.010480 seconds 
  Import took 0.016893 seconds .

========================================================================
Received Import Request.
  Time since last request: 0.007795 seconds.
  path: Assets/2Dpackage/Art/Animations/AnimationClips/Player/RubyRunUp.anim
  artifactKey: Guid(89dfb0833213db047aa9501715d1678d) Importer(815301076,1909f56bfc062723c751e8b465ee728b)
Start importing Assets/2Dpackage/Art/Animations/AnimationClips/Player/RubyRunUp.anim using Guid(89dfb0833213db047aa9501715d1678d) Importer(815301076,1909f56bfc062723c751e8b465ee728b)  -> (artifact id: 'be9b49d7973aa60b7e5e5e998cd72dc4') in 0.013642 seconds 
  Import took 0.020611 seconds .

========================================================================
Received Import Request.
  Time since last request: 0.034919 seconds.
  path: Assets/2Dpackage/Art/Animations/AnimationClips/Player/RubyRunRight.anim
  artifactKey: Guid(23a07c97e33f03d47a394c40a8f9418d) Importer(815301076,1909f56bfc062723c751e8b465ee728b)
Start importing Assets/2Dpackage/Art/Animations/AnimationClips/Player/RubyRunRight.anim using Guid(23a07c97e33f03d47a394c40a8f9418d) Importer(815301076,1909f56bfc062723c751e8b465ee728b)  -> (artifact id: '9a0bd28359409490c334a07135c26656') in 0.011655 seconds 
  Import took 0.018396 seconds .

========================================================================
Received Import Request.
  Time since last request: 0.023532 seconds.
  path: Assets/2Dpackage/Art/Sprites/VFX/CogBullet.png
  artifactKey: Guid(c3bae526786f11046bdd2a781392a458) Importer(815301076,1909f56bfc062723c751e8b465ee728b)
Start importing Assets/2Dpackage/Art/Sprites/VFX/CogBullet.png using Guid(c3bae526786f11046bdd2a781392a458) Importer(815301076,1909f56bfc062723c751e8b465ee728b)  -> (artifact id: 'd94585f471bee741b5b3dd5bbb5805fa') in 0.033132 seconds 
  Import took 0.038919 seconds .

========================================================================
Received Import Request.
  Time since last request: 0.012490 seconds.
  path: Assets/2Dpackage/Art/Sprites/VFX/CollectibleAmmo.png
  artifactKey: Guid(d5ac0d76f419eaf4b88095579ba3ab35) Importer(815301076,1909f56bfc062723c751e8b465ee728b)
Start importing Assets/2Dpackage/Art/Sprites/VFX/CollectibleAmmo.png using Guid(d5ac0d76f419eaf4b88095579ba3ab35) Importer(815301076,1909f56bfc062723c751e8b465ee728b)  -> (artifact id: '4ed1a9e42e5852d47fe6da05fb5d0ef6') in 0.037071 seconds 
  Import took 0.043578 seconds .

========================================================================
Received Import Request.
  Time since last request: 0.015929 seconds.
  path: Assets/MrClockworkIdleDown.controller
  artifactKey: Guid(08c8ef9f04cb80d478fd4012cee6452e) Importer(815301076,1909f56bfc062723c751e8b465ee728b)
Start importing Assets/MrClockworkIdleDown.controller using Guid(08c8ef9f04cb80d478fd4012cee6452e) Importer(815301076,1909f56bfc062723c751e8b465ee728b)  -> (artifact id: 'bd935caa3e8520fe75beea76d9541172') in 0.013394 seconds 
  Import took 0.021138 seconds .

========================================================================
Received Import Request.
  Time since last request: 0.010712 seconds.
  path: Assets/2Dpackage/Art/Animations/AnimationClips/Player/RubyLaunchUp.anim
  artifactKey: Guid(d9b5fbc0ad897124c85b1a8fb88a186a) Importer(815301076,1909f56bfc062723c751e8b465ee728b)
Start importing Assets/2Dpackage/Art/Animations/AnimationClips/Player/RubyLaunchUp.anim using Guid(d9b5fbc0ad897124c85b1a8fb88a186a) Importer(815301076,1909f56bfc062723c751e8b465ee728b)  -> (artifact id: 'eb7c800c7f05912d7275eb76013e6512') in 0.010974 seconds 
  Import took 0.019287 seconds .

========================================================================
Received Import Request.
  Time since last request: 0.026708 seconds.
  path: Assets/調色盤/FloorWaterSquareCorners_0.asset
  artifactKey: Guid(c75b524da7fa03f4a8af8fa92e6867f3) Importer(815301076,1909f56bfc062723c751e8b465ee728b)
Start importing Assets/調色盤/FloorWaterSquareCorners_0.asset using Guid(c75b524da7fa03f4a8af8fa92e6867f3) Importer(815301076,1909f56bfc062723c751e8b465ee728b)  -> (artifact id: '900348af67514b1bd0179aa3f4882958') in 0.017575 seconds 
  Import took 0.026073 seconds .

========================================================================
Received Import Request.
  Time since last request: 0.032164 seconds.
  path: Assets/敵人 走路 背面.anim
  artifactKey: Guid(cd72db5bfaf87e44a84ddee670e2cbfb) Importer(815301076,1909f56bfc062723c751e8b465ee728b)
Start importing Assets/敵人 走路 背面.anim using Guid(cd72db5bfaf87e44a84ddee670e2cbfb) Importer(815301076,1909f56bfc062723c751e8b465ee728b)  -> (artifact id: '286d3bbb2d276c452e1758c14e35d712') in 0.009614 seconds 
  Import took 0.017368 seconds .

========================================================================
Received Import Request.
  Time since last request: 0.007008 seconds.
  path: Assets/2Dpackage/Art/Animations/AnimationClips/Player/RubyLaunchLeft.anim
  artifactKey: Guid(4ce02915674361f41a756ada650b5a35) Importer(815301076,1909f56bfc062723c751e8b465ee728b)
Start importing Assets/2Dpackage/Art/Animations/AnimationClips/Player/RubyLaunchLeft.anim using Guid(4ce02915674361f41a756ada650b5a35) Importer(815301076,1909f56bfc062723c751e8b465ee728b)  -> (artifact id: '0f496b865f947010e087f86f71ba9ae4') in 0.008783 seconds 
  Import took 0.014761 seconds .

========================================================================
Received Import Request.
  Time since last request: 0.016215 seconds.
  path: Assets/2Dpackage/Audio
  artifactKey: Guid(e1a45ac844bf956459621c490cd83d95) Importer(815301076,1909f56bfc062723c751e8b465ee728b)
Start importing Assets/2Dpackage/Audio using Guid(e1a45ac844bf956459621c490cd83d95) Importer(815301076,1909f56bfc062723c751e8b465ee728b)  -> (artifact id: 'af3cda057cb0bb2c7fcb43fc4a2310ab') in 0.007967 seconds 
  Import took 0.015778 seconds .

========================================================================
Received Import Request.
  Time since last request: 0.028022 seconds.
  path: Assets/2Dpackage/Art/Animations/AnimationClips/Player/RubyLaunchRight.anim
  artifactKey: Guid(ce9c3af04eaf77d46907f9c6e545f44f) Importer(815301076,1909f56bfc062723c751e8b465ee728b)
Start importing Assets/2Dpackage/Art/Animations/AnimationClips/Player/RubyLaunchRight.anim using Guid(ce9c3af04eaf77d46907f9c6e545f44f) Importer(815301076,1909f56bfc062723c751e8b465ee728b)  -> (artifact id: '1c9755660ab1bd5310c4b1e9e77b185f') in 0.009339 seconds 
  Import took 0.016543 seconds .

========================================================================
Received Import Request.
  Time since last request: 0.007729 seconds.
  path: Assets/2Dpackage/Art/Animations/AnimationClips/Player/RubyIdleDown.anim
  artifactKey: Guid(214bcd861ce37b3409eea1b7e32210b4) Importer(815301076,1909f56bfc062723c751e8b465ee728b)
Start importing Assets/2Dpackage/Art/Animations/AnimationClips/Player/RubyIdleDown.anim using Guid(214bcd861ce37b3409eea1b7e32210b4) Importer(815301076,1909f56bfc062723c751e8b465ee728b)  -> (artifact id: 'b6f989a1a6b75b9f85501fe7e3ea90dd') in 0.009272 seconds 
  Import took 0.017231 seconds .

========================================================================
Received Import Request.
  Time since last request: 0.008649 seconds.
  path: Assets/2Dpackage/Art/Animations/AnimationClips/Player/RubyLaunchDown.anim
  artifactKey: Guid(1a182fb04889c214681d42e43051ad50) Importer(815301076,1909f56bfc062723c751e8b465ee728b)
Start importing Assets/2Dpackage/Art/Animations/AnimationClips/Player/RubyLaunchDown.anim using Guid(1a182fb04889c214681d42e43051ad50) Importer(815301076,1909f56bfc062723c751e8b465ee728b)  -> (artifact id: '970d1cc5e4f50d2c6b018ece8a5dbb54') in 0.008094 seconds 
  Import took 0.014202 seconds .

========================================================================
Received Import Request.
  Time since last request: 0.016964 seconds.
  path: Assets/2Dpackage
  artifactKey: Guid(f62dc2ab13c3342a49530d183d92fb8d) Importer(815301076,1909f56bfc062723c751e8b465ee728b)
Start importing Assets/2Dpackage using Guid(f62dc2ab13c3342a49530d183d92fb8d) Importer(815301076,1909f56bfc062723c751e8b465ee728b)  -> (artifact id: 'e7923f67beb7dddfc36607aca715d269') in 0.007675 seconds 
  Import took 0.014540 seconds .

========================================================================
Received Import Request.
  Time since last request: 0.019608 seconds.
  path: Assets/變色.anim
  artifactKey: Guid(c2191444dc208e7418669ddf97864018) Importer(815301076,1909f56bfc062723c751e8b465ee728b)
Start importing Assets/變色.anim using Guid(c2191444dc208e7418669ddf97864018) Importer(815301076,1909f56bfc062723c751e8b465ee728b)  -> (artifact id: '43cfdc1161ecaf6f12cfb7e3650fc48f') in 0.010805 seconds 
  Import took 0.016672 seconds .

========================================================================
Received Import Request.
  Time since last request: 0.008197 seconds.
  path: Assets/RubyRunDown1.controller
  artifactKey: Guid(2ede0e02f61e2ae4aa7009b0d3b0b308) Importer(815301076,1909f56bfc062723c751e8b465ee728b)
Start importing Assets/RubyRunDown1.controller using Guid(2ede0e02f61e2ae4aa7009b0d3b0b308) Importer(815301076,1909f56bfc062723c751e8b465ee728b)  -> (artifact id: '639d32723b6756baf11cb60e589c4309') in 0.010123 seconds 
  Import took 0.017746 seconds .

========================================================================
Received Import Request.
  Time since last request: 0.028355 seconds.
  path: Assets/2Dpackage/Art/Sprites/VFX
  artifactKey: Guid(8d1a399e9fa9e2540b238a12085ff61f) Importer(815301076,1909f56bfc062723c751e8b465ee728b)
Start importing Assets/2Dpackage/Art/Sprites/VFX using Guid(8d1a399e9fa9e2540b238a12085ff61f) Importer(815301076,1909f56bfc062723c751e8b465ee728b)  -> (artifact id: '14cf432a621f38419501dd39f4d5c265') in 0.007148 seconds 
  Import took 0.013761 seconds .

========================================================================
Received Import Request.
  Time since last request: 0.049040 seconds.
  path: Assets/2Dpackage/Art/Animations/AnimationClips/Player/RubyHitUp.anim
  artifactKey: Guid(7b8f71adb6a886d4e904c3583e981eed) Importer(815301076,1909f56bfc062723c751e8b465ee728b)
Start importing Assets/2Dpackage/Art/Animations/AnimationClips/Player/RubyHitUp.anim using Guid(7b8f71adb6a886d4e904c3583e981eed) Importer(815301076,1909f56bfc062723c751e8b465ee728b)  -> (artifact id: '3ff3e6a77411323c87fd6a63f2936f63') in 0.008955 seconds 
  Import took 0.014927 seconds .

========================================================================
Received Import Request.
  Time since last request: 0.028507 seconds.
  path: Assets/調色盤/FloorWaterRoundCorners_8.asset
  artifactKey: Guid(e2d567c1d111a9841b563812f49b7ab6) Importer(815301076,1909f56bfc062723c751e8b465ee728b)
Start importing Assets/調色盤/FloorWaterRoundCorners_8.asset using Guid(e2d567c1d111a9841b563812f49b7ab6) Importer(815301076,1909f56bfc062723c751e8b465ee728b)  -> (artifact id: '14993477261d2d8b611c4db45e055331') in 0.019061 seconds 
  Import took 0.026612 seconds .

